{"uid":"64d5d71970689510","name":"Asserting Vehicles prices","fullName":"tests.test_vehicles.TestVehicles#test_vehicle_price","historyId":"90b6ff8b823d54f5baa30050b5e1c940","time":{"start":1699968832780,"stop":1699968839864,"duration":7084},"status":"broken","statusMessage":"selenium.common.exceptions.TimeoutException: Message: Vehicles button\nStacktrace:\n#0 0x55b86dd8efb3 <unknown>\n#1 0x55b86da624a7 <unknown>\n#2 0x55b86daa9dd6 <unknown>\n#3 0x55b86daa9ec1 <unknown>\n#4 0x55b86dae7354 <unknown>\n#5 0x55b86dacb96d <unknown>\n#6 0x55b86dae4c02 <unknown>\n#7 0x55b86dacb713 <unknown>\n#8 0x55b86da9e18b <unknown>\n#9 0x55b86da9ef7e <unknown>\n#10 0x55b86dd548d8 <unknown>\n#11 0x55b86dd58800 <unknown>\n#12 0x55b86dd62cfc <unknown>\n#13 0x55b86dd59418 <unknown>\n#14 0x55b86dd2642f <unknown>\n#15 0x55b86dd7d4e8 <unknown>\n#16 0x55b86dd7d6b4 <unknown>\n#17 0x55b86dd8e143 <unknown>\n#18 0x7f65e8494ac3 <unknown>","statusTrace":"self = <tests.test_vehicles.TestVehicles object at 0x7f1700f35f50>\ncar_name = 'Ariya', expected_price = '$43,190'\n\n    @allure.title(\"Asserting Vehicles prices\")\n    @pytest.mark.parametrize('car_name, expected_price', test_data)\n    def test_vehicle_price(self, car_name, expected_price):\n        vehicles = VehiclesNav(self.driver)\n>       vehicles.get_button_vehicles().click()\n\ntests/test_vehicles.py:17: \n_ _ _ _ _ _ _ _ _ _ _ _ _ _ _ _ _ _ _ _ _ _ _ _ _ _ _ _ _ _ _ _ _ _ _ _ _ _ _ _ \npom/vehicles.py:45: in get_button_vehicles\n    return self.is_visible('css', self.button_vehicles, 'Vehicles button')\nbase/seleniumbase.py:28: in is_visible\n    return self.wait.until(ec.visibility_of_element_located((self.get_selenium_by(find_by), locator)), locator_name)\n_ _ _ _ _ _ _ _ _ _ _ _ _ _ _ _ _ _ _ _ _ _ _ _ _ _ _ _ _ _ _ _ _ _ _ _ _ _ _ _ \n\nself = <selenium.webdriver.support.wait.WebDriverWait (session=\"7650710037ad8d2e71029603dfdf841f\")>\nmethod = <function visibility_of_element_located.<locals>._predicate at 0x7f1700f5fec0>\nmessage = 'Vehicles button'\n\n    def until(self, method, message: str = \"\"):\n        \"\"\"Calls the method provided with the driver as an argument until the \\\n        return value does not evaluate to ``False``.\n    \n        :param method: callable(WebDriver)\n        :param message: optional message for :exc:`TimeoutException`\n        :returns: the result of the last call to `method`\n        :raises: :exc:`selenium.common.exceptions.TimeoutException` if timeout occurs\n        \"\"\"\n        screen = None\n        stacktrace = None\n    \n        end_time = time.monotonic() + self._timeout\n        while True:\n            try:\n                value = method(self._driver)\n                if value:\n                    return value\n            except self._ignored_exceptions as exc:\n                screen = getattr(exc, \"screen\", None)\n                stacktrace = getattr(exc, \"stacktrace\", None)\n            time.sleep(self._poll)\n            if time.monotonic() > end_time:\n                break\n>       raise TimeoutException(message, screen, stacktrace)\nE       selenium.common.exceptions.TimeoutException: Message: Vehicles button\nE       Stacktrace:\nE       #0 0x55b86dd8efb3 <unknown>\nE       #1 0x55b86da624a7 <unknown>\nE       #2 0x55b86daa9dd6 <unknown>\nE       #3 0x55b86daa9ec1 <unknown>\nE       #4 0x55b86dae7354 <unknown>\nE       #5 0x55b86dacb96d <unknown>\nE       #6 0x55b86dae4c02 <unknown>\nE       #7 0x55b86dacb713 <unknown>\nE       #8 0x55b86da9e18b <unknown>\nE       #9 0x55b86da9ef7e <unknown>\nE       #10 0x55b86dd548d8 <unknown>\nE       #11 0x55b86dd58800 <unknown>\nE       #12 0x55b86dd62cfc <unknown>\nE       #13 0x55b86dd59418 <unknown>\nE       #14 0x55b86dd2642f <unknown>\nE       #15 0x55b86dd7d4e8 <unknown>\nE       #16 0x55b86dd7d6b4 <unknown>\nE       #17 0x55b86dd8e143 <unknown>\nE       #18 0x7f65e8494ac3 <unknown>\n\n/opt/hostedtoolcache/Python/3.11.6/x64/lib/python3.11/site-packages/selenium/webdriver/support/wait.py:95: TimeoutException","flaky":false,"newFailed":false,"newBroken":false,"newPassed":false,"retriesCount":0,"retriesStatusChange":false,"beforeStages":[{"name":"get_chrome_options","time":{"start":1699968825410,"stop":1699968825410,"duration":0},"status":"passed","steps":[],"attachments":[],"parameters":[],"shouldDisplayMessage":false,"stepsCount":0,"attachmentsCount":0,"hasContent":false},{"name":"get_webdriver","time":{"start":1699968825411,"stop":1699968832010,"duration":6599},"status":"passed","steps":[],"attachments":[],"parameters":[],"shouldDisplayMessage":false,"stepsCount":0,"attachmentsCount":0,"hasContent":false},{"name":"setup","time":{"start":1699968832010,"stop":1699968832778,"duration":768},"status":"passed","steps":[],"attachments":[],"parameters":[],"shouldDisplayMessage":false,"stepsCount":0,"attachmentsCount":0,"hasContent":false}],"afterStages":[{"name":"setup::0","time":{"start":1699968840019,"stop":1699968840615,"duration":596},"status":"passed","steps":[],"attachments":[{"uid":"dd2e6831dad9b61f","name":"Screenshot 2023-11-14 13:34:00.549845","source":"dd2e6831dad9b61f.png","type":"image/png","size":10592}],"parameters":[],"shouldDisplayMessage":false,"stepsCount":0,"attachmentsCount":1,"hasContent":true}],"labels":[{"name":"suite","value":"Testing Vehicles parametrize"},{"name":"tag","value":"parallel"},{"name":"tag","value":"@pytest.mark.usefixtures('setup')"},{"name":"parentSuite","value":"tests"},{"name":"subSuite","value":"TestVehicles"},{"name":"host","value":"fv-az403-570"},{"name":"thread","value":"2210-MainThread"},{"name":"framework","value":"pytest"},{"name":"language","value":"cpython3"},{"name":"package","value":"tests.test_vehicles"},{"name":"resultFormat","value":"allure2"}],"parameters":[{"name":"car_name","value":"'Ariya'"},{"name":"expected_price","value":"'$43,190'"}],"links":[],"hidden":false,"retry":false,"extra":{"severity":"normal","retries":[],"categories":[{"name":"Test defects","matchedStatuses":[],"flaky":false}],"tags":["parallel","@pytest.mark.usefixtures('setup')"]},"source":"64d5d71970689510.json","parameterValues":["'Ariya'","'$43,190'"]}