{"uid":"df1bbf874df0d919","name":"Asserting Vehicles prices","fullName":"tests.test_vehicles.TestVehicles#test_vehicle_price","historyId":"934a7970e8de554ba5f977a8404426d8","time":{"start":1699968832722,"stop":1699968839798,"duration":7076},"status":"broken","statusMessage":"selenium.common.exceptions.TimeoutException: Message: Vehicles button\nStacktrace:\n#0 0x56404c629fb3 <unknown>\n#1 0x56404c2fd4a7 <unknown>\n#2 0x56404c344dd6 <unknown>\n#3 0x56404c344ec1 <unknown>\n#4 0x56404c382354 <unknown>\n#5 0x56404c36696d <unknown>\n#6 0x56404c37fc02 <unknown>\n#7 0x56404c366713 <unknown>\n#8 0x56404c33918b <unknown>\n#9 0x56404c339f7e <unknown>\n#10 0x56404c5ef8d8 <unknown>\n#11 0x56404c5f3800 <unknown>\n#12 0x56404c5fdcfc <unknown>\n#13 0x56404c5f4418 <unknown>\n#14 0x56404c5c142f <unknown>\n#15 0x56404c6184e8 <unknown>\n#16 0x56404c6186b4 <unknown>\n#17 0x56404c629143 <unknown>\n#18 0x7f28b4a94ac3 <unknown>","statusTrace":"self = <tests.test_vehicles.TestVehicles object at 0x7ff0e6ed3290>\ncar_name = 'Rogue', expected_price = '$27,910'\n\n    @allure.title(\"Asserting Vehicles prices\")\n    @pytest.mark.parametrize('car_name, expected_price', test_data)\n    def test_vehicle_price(self, car_name, expected_price):\n        vehicles = VehiclesNav(self.driver)\n>       vehicles.get_button_vehicles().click()\n\ntests/test_vehicles.py:17: \n_ _ _ _ _ _ _ _ _ _ _ _ _ _ _ _ _ _ _ _ _ _ _ _ _ _ _ _ _ _ _ _ _ _ _ _ _ _ _ _ \npom/vehicles.py:45: in get_button_vehicles\n    return self.is_visible('css', self.button_vehicles, 'Vehicles button')\nbase/seleniumbase.py:28: in is_visible\n    return self.wait.until(ec.visibility_of_element_located((self.get_selenium_by(find_by), locator)), locator_name)\n_ _ _ _ _ _ _ _ _ _ _ _ _ _ _ _ _ _ _ _ _ _ _ _ _ _ _ _ _ _ _ _ _ _ _ _ _ _ _ _ \n\nself = <selenium.webdriver.support.wait.WebDriverWait (session=\"c92c2d957d283372d463056d4aa08d34\")>\nmethod = <function visibility_of_element_located.<locals>._predicate at 0x7ff0e6ecbe20>\nmessage = 'Vehicles button'\n\n    def until(self, method, message: str = \"\"):\n        \"\"\"Calls the method provided with the driver as an argument until the \\\n        return value does not evaluate to ``False``.\n    \n        :param method: callable(WebDriver)\n        :param message: optional message for :exc:`TimeoutException`\n        :returns: the result of the last call to `method`\n        :raises: :exc:`selenium.common.exceptions.TimeoutException` if timeout occurs\n        \"\"\"\n        screen = None\n        stacktrace = None\n    \n        end_time = time.monotonic() + self._timeout\n        while True:\n            try:\n                value = method(self._driver)\n                if value:\n                    return value\n            except self._ignored_exceptions as exc:\n                screen = getattr(exc, \"screen\", None)\n                stacktrace = getattr(exc, \"stacktrace\", None)\n            time.sleep(self._poll)\n            if time.monotonic() > end_time:\n                break\n>       raise TimeoutException(message, screen, stacktrace)\nE       selenium.common.exceptions.TimeoutException: Message: Vehicles button\nE       Stacktrace:\nE       #0 0x56404c629fb3 <unknown>\nE       #1 0x56404c2fd4a7 <unknown>\nE       #2 0x56404c344dd6 <unknown>\nE       #3 0x56404c344ec1 <unknown>\nE       #4 0x56404c382354 <unknown>\nE       #5 0x56404c36696d <unknown>\nE       #6 0x56404c37fc02 <unknown>\nE       #7 0x56404c366713 <unknown>\nE       #8 0x56404c33918b <unknown>\nE       #9 0x56404c339f7e <unknown>\nE       #10 0x56404c5ef8d8 <unknown>\nE       #11 0x56404c5f3800 <unknown>\nE       #12 0x56404c5fdcfc <unknown>\nE       #13 0x56404c5f4418 <unknown>\nE       #14 0x56404c5c142f <unknown>\nE       #15 0x56404c6184e8 <unknown>\nE       #16 0x56404c6186b4 <unknown>\nE       #17 0x56404c629143 <unknown>\nE       #18 0x7f28b4a94ac3 <unknown>\n\n/opt/hostedtoolcache/Python/3.11.6/x64/lib/python3.11/site-packages/selenium/webdriver/support/wait.py:95: TimeoutException","flaky":false,"newFailed":false,"newBroken":false,"newPassed":false,"retriesCount":0,"retriesStatusChange":false,"beforeStages":[{"name":"get_webdriver","time":{"start":1699968825406,"stop":1699968832007,"duration":6601},"status":"passed","steps":[],"attachments":[],"parameters":[],"shouldDisplayMessage":false,"stepsCount":0,"attachmentsCount":0,"hasContent":false},{"name":"get_chrome_options","time":{"start":1699968825406,"stop":1699968825406,"duration":0},"status":"passed","steps":[],"attachments":[],"parameters":[],"shouldDisplayMessage":false,"stepsCount":0,"attachmentsCount":0,"hasContent":false},{"name":"setup","time":{"start":1699968832007,"stop":1699968832721,"duration":714},"status":"passed","steps":[],"attachments":[],"parameters":[],"shouldDisplayMessage":false,"stepsCount":0,"attachmentsCount":0,"hasContent":false}],"afterStages":[{"name":"setup::0","time":{"start":1699968840109,"stop":1699968840697,"duration":588},"status":"passed","steps":[],"attachments":[{"uid":"b3866f9b88ea047b","name":"Screenshot 2023-11-14 13:34:00.641866","source":"b3866f9b88ea047b.png","type":"image/png","size":10592}],"parameters":[],"shouldDisplayMessage":false,"stepsCount":0,"attachmentsCount":1,"hasContent":true}],"labels":[{"name":"suite","value":"Testing Vehicles parametrize"},{"name":"tag","value":"parallel"},{"name":"tag","value":"@pytest.mark.usefixtures('setup')"},{"name":"parentSuite","value":"tests"},{"name":"subSuite","value":"TestVehicles"},{"name":"host","value":"fv-az403-570"},{"name":"thread","value":"2220-MainThread"},{"name":"framework","value":"pytest"},{"name":"language","value":"cpython3"},{"name":"package","value":"tests.test_vehicles"},{"name":"resultFormat","value":"allure2"}],"parameters":[{"name":"car_name","value":"'Rogue'"},{"name":"expected_price","value":"'$27,910'"}],"links":[],"hidden":false,"retry":false,"extra":{"severity":"normal","retries":[],"categories":[{"name":"Test defects","matchedStatuses":[],"flaky":false}],"tags":["parallel","@pytest.mark.usefixtures('setup')"]},"source":"df1bbf874df0d919.json","parameterValues":["'Rogue'","'$27,910'"]}