{"uid":"8fec3222e3284171","name":"Asserting Vehicles prices","fullName":"tests.test_vehicles.TestVehicles#test_vehicle_price","historyId":"1903f586d484f91b09b0310d9ecb3110","time":{"start":1699970770733,"stop":1699970770733,"duration":0},"status":"broken","statusMessage":"AttributeError: 'VehiclesNav' object has no attribute 'current_url'","statusTrace":"self = <tests.test_vehicles.TestVehicles object at 0x7f08cfe1ebd0>\ncar_name = 'Rogue Sport', expected_price = '$24,960'\n\n    @allure.title(\"Asserting Vehicles prices\")\n    @pytest.mark.parametrize('car_name, expected_price', test_data)\n    def test_vehicle_price(self, car_name, expected_price):\n        vehicles = VehiclesNav(self.driver)\n>       print(f\"Current URL: {vehicles.current_url}\")\nE       AttributeError: 'VehiclesNav' object has no attribute 'current_url'\n\ntests/test_vehicles.py:17: AttributeError","flaky":false,"newFailed":false,"newBroken":false,"newPassed":false,"retriesCount":0,"retriesStatusChange":false,"beforeStages":[{"name":"get_webdriver","time":{"start":1699970762502,"stop":1699970770045,"duration":7543},"status":"passed","steps":[],"attachments":[],"parameters":[],"shouldDisplayMessage":false,"stepsCount":0,"attachmentsCount":0,"hasContent":false},{"name":"get_chrome_options","time":{"start":1699970762502,"stop":1699970762502,"duration":0},"status":"passed","steps":[],"attachments":[],"parameters":[],"shouldDisplayMessage":false,"stepsCount":0,"attachmentsCount":0,"hasContent":false},{"name":"setup","time":{"start":1699970770045,"stop":1699970770732,"duration":687},"status":"passed","steps":[],"attachments":[],"parameters":[],"shouldDisplayMessage":false,"stepsCount":0,"attachmentsCount":0,"hasContent":false}],"afterStages":[{"name":"setup::0","time":{"start":1699970770804,"stop":1699970771000,"duration":196},"status":"passed","steps":[],"attachments":[{"uid":"2ad48f808361459c","name":"Screenshot 2023-11-14 14:06:10.940149","source":"2ad48f808361459c.png","type":"image/png","size":3249}],"parameters":[],"shouldDisplayMessage":false,"stepsCount":0,"attachmentsCount":1,"hasContent":true}],"labels":[{"name":"suite","value":"Testing Vehicles parametrize"},{"name":"tag","value":"parallel"},{"name":"tag","value":"@pytest.mark.usefixtures('setup')"},{"name":"parentSuite","value":"tests"},{"name":"subSuite","value":"TestVehicles"},{"name":"host","value":"fv-az587-315"},{"name":"thread","value":"2186-MainThread"},{"name":"framework","value":"pytest"},{"name":"language","value":"cpython3"},{"name":"package","value":"tests.test_vehicles"},{"name":"resultFormat","value":"allure2"}],"parameters":[{"name":"car_name","value":"'Rogue Sport'"},{"name":"expected_price","value":"'$24,960'"}],"links":[],"hidden":false,"retry":false,"extra":{"severity":"normal","retries":[],"categories":[{"name":"Test defects","matchedStatuses":[],"flaky":false}],"history":{"statistic":{"failed":0,"broken":3,"skipped":0,"passed":0,"unknown":0,"total":3},"items":[{"uid":"f9cee97043d22eac","reportUrl":"https://Uroboric.github.io/python_automation_lessons/80//#testresult/f9cee97043d22eac","status":"broken","statusDetails":"selenium.common.exceptions.SessionNotCreatedException: Message: session not created: Chrome failed to start: exited normally.\n  (session not created: DevToolsActivePort file doesn't exist)\n  (The process started from chrome location /opt/google/chrome/chrome is no longer running, so ChromeDriver is assuming that Chrome has crashed.)\nStacktrace:\n#0 0x55c83985afb3 <unknown>\n#1 0x55c83952e4a7 <unknown>\n#2 0x55c839561c93 <unknown>\n#3 0x55c83955e10c <unknown>\n#4 0x55c8395a0ac6 <unknown>\n#5 0x55c839597713 <unknown>\n#6 0x55c83956a18b <unknown>\n#7 0x55c83956af7e <unknown>\n#8 0x55c8398208d8 <unknown>\n#9 0x55c839824800 <unknown>\n#10 0x55c83982ecfc <unknown>\n#11 0x55c839825418 <unknown>\n#12 0x55c8397f242f <unknown>\n#13 0x55c8398494e8 <unknown>\n#14 0x55c8398496b4 <unknown>\n#15 0x55c83985a143 <unknown>\n#16 0x7ff458c94ac3 <unknown>","time":{"start":1699970280225,"stop":1699970280225,"duration":0}},{"uid":"3d47170fc0695458","reportUrl":"https://Uroboric.github.io/python_automation_lessons/79//#testresult/3d47170fc0695458","status":"broken","statusDetails":"selenium.common.exceptions.TimeoutException: Message: Vehicles button\nStacktrace:\n#0 0x55d940dc9fb3 <unknown>\n#1 0x55d940a9d4a7 <unknown>\n#2 0x55d940ae4dd6 <unknown>\n#3 0x55d940ae4ec1 <unknown>\n#4 0x55d940b22354 <unknown>\n#5 0x55d940b0696d <unknown>\n#6 0x55d940b1fc02 <unknown>\n#7 0x55d940b06713 <unknown>\n#8 0x55d940ad918b <unknown>\n#9 0x55d940ad9f7e <unknown>\n#10 0x55d940d8f8d8 <unknown>\n#11 0x55d940d93800 <unknown>\n#12 0x55d940d9dcfc <unknown>\n#13 0x55d940d94418 <unknown>\n#14 0x55d940d6142f <unknown>\n#15 0x55d940db84e8 <unknown>\n#16 0x55d940db86b4 <unknown>\n#17 0x55d940dc9143 <unknown>\n#18 0x7f7a2a894ac3 <unknown>","time":{"start":1699968832687,"stop":1699968839731,"duration":7044}}]},"tags":["parallel","@pytest.mark.usefixtures('setup')"]},"source":"8fec3222e3284171.json","parameterValues":["'Rogue Sport'","'$24,960'"]}