{"uid":"95ab63a18413aebe","name":"Asserting Vehicles prices","fullName":"tests.test_vehicles.TestVehicles#test_vehicle_price","historyId":"edb6e8ce052156e6fb2485f34b70ee73","time":{"start":1699970770784,"stop":1699970770784,"duration":0},"status":"broken","statusMessage":"AttributeError: 'VehiclesNav' object has no attribute 'current_url'","statusTrace":"self = <tests.test_vehicles.TestVehicles object at 0x7f43ad41f010>\ncar_name = 'Kicks', expected_price = '$20,440'\n\n    @allure.title(\"Asserting Vehicles prices\")\n    @pytest.mark.parametrize('car_name, expected_price', test_data)\n    def test_vehicle_price(self, car_name, expected_price):\n        vehicles = VehiclesNav(self.driver)\n>       print(f\"Current URL: {vehicles.current_url}\")\nE       AttributeError: 'VehiclesNav' object has no attribute 'current_url'\n\ntests/test_vehicles.py:17: AttributeError","flaky":false,"newFailed":false,"newBroken":false,"newPassed":false,"retriesCount":0,"retriesStatusChange":false,"beforeStages":[{"name":"get_webdriver","time":{"start":1699970762500,"stop":1699970770043,"duration":7543},"status":"passed","steps":[],"attachments":[],"parameters":[],"shouldDisplayMessage":false,"stepsCount":0,"attachmentsCount":0,"hasContent":false},{"name":"get_chrome_options","time":{"start":1699970762500,"stop":1699970762500,"duration":0},"status":"passed","steps":[],"attachments":[],"parameters":[],"shouldDisplayMessage":false,"stepsCount":0,"attachmentsCount":0,"hasContent":false},{"name":"setup","time":{"start":1699970770044,"stop":1699970770783,"duration":739},"status":"passed","steps":[],"attachments":[],"parameters":[],"shouldDisplayMessage":false,"stepsCount":0,"attachmentsCount":0,"hasContent":false}],"afterStages":[{"name":"setup::0","time":{"start":1699970770929,"stop":1699970771095,"duration":166},"status":"passed","steps":[],"attachments":[{"uid":"204e75fd6292792c","name":"Screenshot 2023-11-14 14:06:11.036057","source":"204e75fd6292792c.png","type":"image/png","size":3249}],"parameters":[],"shouldDisplayMessage":false,"stepsCount":0,"attachmentsCount":1,"hasContent":true}],"labels":[{"name":"suite","value":"Testing Vehicles parametrize"},{"name":"tag","value":"parallel"},{"name":"tag","value":"@pytest.mark.usefixtures('setup')"},{"name":"parentSuite","value":"tests"},{"name":"subSuite","value":"TestVehicles"},{"name":"host","value":"fv-az587-315"},{"name":"thread","value":"2180-MainThread"},{"name":"framework","value":"pytest"},{"name":"language","value":"cpython3"},{"name":"package","value":"tests.test_vehicles"},{"name":"resultFormat","value":"allure2"}],"parameters":[{"name":"car_name","value":"'Kicks'"},{"name":"expected_price","value":"'$20,440'"}],"links":[],"hidden":false,"retry":false,"extra":{"severity":"normal","retries":[],"categories":[{"name":"Test defects","matchedStatuses":[],"flaky":false}],"history":{"statistic":{"failed":0,"broken":3,"skipped":0,"passed":0,"unknown":0,"total":3},"items":[{"uid":"420e8a3a859e81b6","reportUrl":"https://Uroboric.github.io/python_automation_lessons/80//#testresult/420e8a3a859e81b6","status":"broken","statusDetails":"selenium.common.exceptions.SessionNotCreatedException: Message: session not created: Chrome failed to start: exited normally.\n  (session not created: DevToolsActivePort file doesn't exist)\n  (The process started from chrome location /opt/google/chrome/chrome is no longer running, so ChromeDriver is assuming that Chrome has crashed.)\nStacktrace:\n#0 0x55c891834fb3 <unknown>\n#1 0x55c8915084a7 <unknown>\n#2 0x55c89153bc93 <unknown>\n#3 0x55c89153810c <unknown>\n#4 0x55c89157aac6 <unknown>\n#5 0x55c891571713 <unknown>\n#6 0x55c89154418b <unknown>\n#7 0x55c891544f7e <unknown>\n#8 0x55c8917fa8d8 <unknown>\n#9 0x55c8917fe800 <unknown>\n#10 0x55c891808cfc <unknown>\n#11 0x55c8917ff418 <unknown>\n#12 0x55c8917cc42f <unknown>\n#13 0x55c8918234e8 <unknown>\n#14 0x55c8918236b4 <unknown>\n#15 0x55c891834143 <unknown>\n#16 0x7fd732e94ac3 <unknown>","time":{"start":1699970280223,"stop":1699970280223,"duration":0}},{"uid":"e73dd5f251d61368","reportUrl":"https://Uroboric.github.io/python_automation_lessons/79//#testresult/e73dd5f251d61368","status":"broken","statusDetails":"selenium.common.exceptions.TimeoutException: Message: Vehicles button\nStacktrace:\n#0 0x560e0de33fb3 <unknown>\n#1 0x560e0db074a7 <unknown>\n#2 0x560e0db4edd6 <unknown>\n#3 0x560e0db4eec1 <unknown>\n#4 0x560e0db8c354 <unknown>\n#5 0x560e0db7096d <unknown>\n#6 0x560e0db89c02 <unknown>\n#7 0x560e0db70713 <unknown>\n#8 0x560e0db4318b <unknown>\n#9 0x560e0db43f7e <unknown>\n#10 0x560e0ddf98d8 <unknown>\n#11 0x560e0ddfd800 <unknown>\n#12 0x560e0de07cfc <unknown>\n#13 0x560e0ddfe418 <unknown>\n#14 0x560e0ddcb42f <unknown>\n#15 0x560e0de224e8 <unknown>\n#16 0x560e0de226b4 <unknown>\n#17 0x560e0de33143 <unknown>\n#18 0x7f26c6294ac3 <unknown>","time":{"start":1699968832619,"stop":1699968839716,"duration":7097}}]},"tags":["parallel","@pytest.mark.usefixtures('setup')"]},"source":"95ab63a18413aebe.json","parameterValues":["'Kicks'","'$20,440'"]}