{"uid":"e804ae14d9299eb3","name":"Asserting Vehicles prices","fullName":"tests.test_vehicles.TestVehicles#test_vehicle_price","historyId":"934a7970e8de554ba5f977a8404426d8","time":{"start":1699988456534,"stop":1699988456534,"duration":0},"status":"broken","statusMessage":"AttributeError: 'VehiclesNav' object has no attribute 'current_url'","statusTrace":"self = <tests.test_vehicles.TestVehicles object at 0x7f709e34ef50>\ncar_name = 'Rogue', expected_price = '$27,910'\n\n    @allure.title(\"Asserting Vehicles prices\")\n    @pytest.mark.parametrize('car_name, expected_price', test_data)\n    def test_vehicle_price(self, car_name, expected_price):\n        vehicles = VehiclesNav(self.driver)\n>       print(f\"Current URL: {vehicles.current_url}\")\nE       AttributeError: 'VehiclesNav' object has no attribute 'current_url'\n\ntests/test_vehicles.py:17: AttributeError","flaky":false,"newFailed":false,"newBroken":false,"newPassed":false,"retriesCount":0,"retriesStatusChange":false,"beforeStages":[{"name":"get_webdriver","time":{"start":1699988454936,"stop":1699988456135,"duration":1199},"status":"passed","steps":[],"attachments":[],"parameters":[],"shouldDisplayMessage":false,"stepsCount":0,"attachmentsCount":0,"hasContent":false},{"name":"get_chrome_options","time":{"start":1699988454936,"stop":1699988454936,"duration":0},"status":"passed","steps":[],"attachments":[],"parameters":[],"shouldDisplayMessage":false,"stepsCount":0,"attachmentsCount":0,"hasContent":false},{"name":"setup","time":{"start":1699988456135,"stop":1699988456532,"duration":397},"status":"passed","steps":[],"attachments":[],"parameters":[],"shouldDisplayMessage":false,"stepsCount":0,"attachmentsCount":0,"hasContent":false}],"afterStages":[{"name":"setup::0","time":{"start":1699988456580,"stop":1699988456729,"duration":149},"status":"passed","steps":[],"attachments":[{"uid":"e57c5b8ba5c9cab1","name":"Screenshot 2023-11-14 19:00:56.668018","source":"e57c5b8ba5c9cab1.png","type":"image/png","size":3249}],"parameters":[],"shouldDisplayMessage":false,"stepsCount":0,"attachmentsCount":1,"hasContent":true}],"labels":[{"name":"suite","value":"Testing Vehicles parametrize"},{"name":"tag","value":"parallel"},{"name":"tag","value":"@pytest.mark.usefixtures('setup')"},{"name":"parentSuite","value":"tests"},{"name":"subSuite","value":"TestVehicles"},{"name":"host","value":"fv-az659-361"},{"name":"thread","value":"2447-MainThread"},{"name":"framework","value":"pytest"},{"name":"language","value":"cpython3"},{"name":"package","value":"tests.test_vehicles"},{"name":"resultFormat","value":"allure2"}],"parameters":[{"name":"car_name","value":"'Rogue'"},{"name":"expected_price","value":"'$27,910'"}],"links":[],"hidden":false,"retry":false,"extra":{"severity":"normal","retries":[],"categories":[{"name":"Test defects","matchedStatuses":[],"flaky":false}],"history":{"statistic":{"failed":0,"broken":4,"skipped":0,"passed":0,"unknown":0,"total":4},"items":[{"uid":"b3520ab3a5796f70","reportUrl":"https://Uroboric.github.io/python_automation_lessons/81//#testresult/b3520ab3a5796f70","status":"broken","statusDetails":"AttributeError: 'VehiclesNav' object has no attribute 'current_url'","time":{"start":1699970770759,"stop":1699970770765,"duration":6}},{"uid":"2b6be3cd8977375c","reportUrl":"https://Uroboric.github.io/python_automation_lessons/80//#testresult/2b6be3cd8977375c","status":"broken","statusDetails":"selenium.common.exceptions.SessionNotCreatedException: Message: session not created: Chrome failed to start: exited normally.\n  (session not created: DevToolsActivePort file doesn't exist)\n  (The process started from chrome location /opt/google/chrome/chrome is no longer running, so ChromeDriver is assuming that Chrome has crashed.)\nStacktrace:\n#0 0x56356e0d6fb3 <unknown>\n#1 0x56356ddaa4a7 <unknown>\n#2 0x56356ddddc93 <unknown>\n#3 0x56356ddda10c <unknown>\n#4 0x56356de1cac6 <unknown>\n#5 0x56356de13713 <unknown>\n#6 0x56356dde618b <unknown>\n#7 0x56356dde6f7e <unknown>\n#8 0x56356e09c8d8 <unknown>\n#9 0x56356e0a0800 <unknown>\n#10 0x56356e0aacfc <unknown>\n#11 0x56356e0a1418 <unknown>\n#12 0x56356e06e42f <unknown>\n#13 0x56356e0c54e8 <unknown>\n#14 0x56356e0c56b4 <unknown>\n#15 0x56356e0d6143 <unknown>\n#16 0x7fda06494ac3 <unknown>","time":{"start":1699970280222,"stop":1699970280222,"duration":0}},{"uid":"df1bbf874df0d919","reportUrl":"https://Uroboric.github.io/python_automation_lessons/79//#testresult/df1bbf874df0d919","status":"broken","statusDetails":"selenium.common.exceptions.TimeoutException: Message: Vehicles button\nStacktrace:\n#0 0x56404c629fb3 <unknown>\n#1 0x56404c2fd4a7 <unknown>\n#2 0x56404c344dd6 <unknown>\n#3 0x56404c344ec1 <unknown>\n#4 0x56404c382354 <unknown>\n#5 0x56404c36696d <unknown>\n#6 0x56404c37fc02 <unknown>\n#7 0x56404c366713 <unknown>\n#8 0x56404c33918b <unknown>\n#9 0x56404c339f7e <unknown>\n#10 0x56404c5ef8d8 <unknown>\n#11 0x56404c5f3800 <unknown>\n#12 0x56404c5fdcfc <unknown>\n#13 0x56404c5f4418 <unknown>\n#14 0x56404c5c142f <unknown>\n#15 0x56404c6184e8 <unknown>\n#16 0x56404c6186b4 <unknown>\n#17 0x56404c629143 <unknown>\n#18 0x7f28b4a94ac3 <unknown>","time":{"start":1699968832722,"stop":1699968839798,"duration":7076}}]},"tags":["parallel","@pytest.mark.usefixtures('setup')"]},"source":"e804ae14d9299eb3.json","parameterValues":["'Rogue'","'$27,910'"]}