{"uid":"47f6de0c5fc93e81","name":"Asserting Vehicles prices","fullName":"tests.test_vehicles.TestVehicles#test_vehicle_price","historyId":"90b6ff8b823d54f5baa30050b5e1c940","time":{"start":1699988656393,"stop":1699988666853,"duration":10460},"status":"broken","statusMessage":"selenium.common.exceptions.TimeoutException: Message: Vehicles button\nStacktrace:\n#0 0x559ff28e3fb3 <unknown>\n#1 0x559ff25b74a7 <unknown>\n#2 0x559ff25fedd6 <unknown>\n#3 0x559ff25feec1 <unknown>\n#4 0x559ff263c354 <unknown>\n#5 0x559ff262096d <unknown>\n#6 0x559ff2639c02 <unknown>\n#7 0x559ff2620713 <unknown>\n#8 0x559ff25f318b <unknown>\n#9 0x559ff25f3f7e <unknown>\n#10 0x559ff28a98d8 <unknown>\n#11 0x559ff28ad800 <unknown>\n#12 0x559ff28b7cfc <unknown>\n#13 0x559ff28ae418 <unknown>\n#14 0x559ff287b42f <unknown>\n#15 0x559ff28d24e8 <unknown>\n#16 0x559ff28d26b4 <unknown>\n#17 0x559ff28e3143 <unknown>\n#18 0x7fad38694ac3 <unknown>","statusTrace":"self = <tests.test_vehicles.TestVehicles object at 0x7f65ec86f110>\ncar_name = 'Ariya', expected_price = '$43,190'\n\n    @allure.title(\"Asserting Vehicles prices\")\n    @pytest.mark.parametrize('car_name, expected_price', test_data)\n    def test_vehicle_price(self, car_name, expected_price):\n        vehicles = VehiclesNav(self.driver)\n>       vehicles.get_button_vehicles().click()\n\ntests/test_vehicles.py:17: \n_ _ _ _ _ _ _ _ _ _ _ _ _ _ _ _ _ _ _ _ _ _ _ _ _ _ _ _ _ _ _ _ _ _ _ _ _ _ _ _ \npom/vehicles.py:45: in get_button_vehicles\n    return self.is_visible('css', self.button_vehicles, 'Vehicles button')\nbase/seleniumbase.py:28: in is_visible\n    return self.wait.until(ec.visibility_of_element_located((self.get_selenium_by(find_by), locator)), locator_name)\n_ _ _ _ _ _ _ _ _ _ _ _ _ _ _ _ _ _ _ _ _ _ _ _ _ _ _ _ _ _ _ _ _ _ _ _ _ _ _ _ \n\nself = <selenium.webdriver.support.wait.WebDriverWait (session=\"4cb87e95220c9b736871652aaf8b9668\")>\nmethod = <function visibility_of_element_located.<locals>._predicate at 0x7f65ec873e20>\nmessage = 'Vehicles button'\n\n    def until(self, method, message: str = \"\"):\n        \"\"\"Calls the method provided with the driver as an argument until the \\\n        return value does not evaluate to ``False``.\n    \n        :param method: callable(WebDriver)\n        :param message: optional message for :exc:`TimeoutException`\n        :returns: the result of the last call to `method`\n        :raises: :exc:`selenium.common.exceptions.TimeoutException` if timeout occurs\n        \"\"\"\n        screen = None\n        stacktrace = None\n    \n        end_time = time.monotonic() + self._timeout\n        while True:\n            try:\n                value = method(self._driver)\n                if value:\n                    return value\n            except self._ignored_exceptions as exc:\n                screen = getattr(exc, \"screen\", None)\n                stacktrace = getattr(exc, \"stacktrace\", None)\n            time.sleep(self._poll)\n            if time.monotonic() > end_time:\n                break\n>       raise TimeoutException(message, screen, stacktrace)\nE       selenium.common.exceptions.TimeoutException: Message: Vehicles button\nE       Stacktrace:\nE       #0 0x559ff28e3fb3 <unknown>\nE       #1 0x559ff25b74a7 <unknown>\nE       #2 0x559ff25fedd6 <unknown>\nE       #3 0x559ff25feec1 <unknown>\nE       #4 0x559ff263c354 <unknown>\nE       #5 0x559ff262096d <unknown>\nE       #6 0x559ff2639c02 <unknown>\nE       #7 0x559ff2620713 <unknown>\nE       #8 0x559ff25f318b <unknown>\nE       #9 0x559ff25f3f7e <unknown>\nE       #10 0x559ff28a98d8 <unknown>\nE       #11 0x559ff28ad800 <unknown>\nE       #12 0x559ff28b7cfc <unknown>\nE       #13 0x559ff28ae418 <unknown>\nE       #14 0x559ff287b42f <unknown>\nE       #15 0x559ff28d24e8 <unknown>\nE       #16 0x559ff28d26b4 <unknown>\nE       #17 0x559ff28e3143 <unknown>\nE       #18 0x7fad38694ac3 <unknown>\n\n/opt/hostedtoolcache/Python/3.11.6/x64/lib/python3.11/site-packages/selenium/webdriver/support/wait.py:95: TimeoutException","flaky":false,"newFailed":false,"newBroken":false,"newPassed":false,"retriesCount":0,"retriesStatusChange":false,"beforeStages":[{"name":"get_webdriver","time":{"start":1699988648106,"stop":1699988655755,"duration":7649},"status":"passed","steps":[],"attachments":[],"parameters":[],"shouldDisplayMessage":false,"stepsCount":0,"attachmentsCount":0,"hasContent":false},{"name":"get_chrome_options","time":{"start":1699988648106,"stop":1699988648106,"duration":0},"status":"passed","steps":[],"attachments":[],"parameters":[],"shouldDisplayMessage":false,"stepsCount":0,"attachmentsCount":0,"hasContent":false},{"name":"setup","time":{"start":1699988655755,"stop":1699988656392,"duration":637},"status":"passed","steps":[],"attachments":[],"parameters":[],"shouldDisplayMessage":false,"stepsCount":0,"attachmentsCount":0,"hasContent":false}],"afterStages":[{"name":"setup::0","time":{"start":1699988666907,"stop":1699988667030,"duration":123},"status":"passed","steps":[],"attachments":[{"uid":"37dc5809a010c915","name":"Screenshot 2023-11-14 19:04:26.973176","source":"37dc5809a010c915.png","type":"image/png","size":3249}],"parameters":[],"shouldDisplayMessage":false,"stepsCount":0,"attachmentsCount":1,"hasContent":true}],"labels":[{"name":"suite","value":"Testing Vehicles parametrize"},{"name":"tag","value":"parallel"},{"name":"tag","value":"@pytest.mark.usefixtures('setup')"},{"name":"parentSuite","value":"tests"},{"name":"subSuite","value":"TestVehicles"},{"name":"host","value":"fv-az343-525"},{"name":"thread","value":"2168-MainThread"},{"name":"framework","value":"pytest"},{"name":"language","value":"cpython3"},{"name":"package","value":"tests.test_vehicles"},{"name":"resultFormat","value":"allure2"}],"parameters":[{"name":"car_name","value":"'Ariya'"},{"name":"expected_price","value":"'$43,190'"}],"links":[],"hidden":false,"retry":false,"extra":{"severity":"normal","retries":[],"categories":[{"name":"Test defects","matchedStatuses":[],"flaky":false}],"history":{"statistic":{"failed":0,"broken":5,"skipped":0,"passed":0,"unknown":0,"total":5},"items":[{"uid":"a149e8cf743cf0ed","reportUrl":"https://Uroboric.github.io/python_automation_lessons/81//#testresult/a149e8cf743cf0ed","status":"broken","statusDetails":"AttributeError: 'VehiclesNav' object has no attribute 'current_url'","time":{"start":1699988456513,"stop":1699988456513,"duration":0}},{"uid":"4d9530d71e7ac053","reportUrl":"https://Uroboric.github.io/python_automation_lessons/81//#testresult/4d9530d71e7ac053","status":"broken","statusDetails":"AttributeError: 'VehiclesNav' object has no attribute 'current_url'","time":{"start":1699970770746,"stop":1699970770746,"duration":0}},{"uid":"4922ae7427108d69","reportUrl":"https://Uroboric.github.io/python_automation_lessons/80//#testresult/4922ae7427108d69","status":"broken","statusDetails":"selenium.common.exceptions.SessionNotCreatedException: Message: session not created: Chrome failed to start: exited normally.\n  (session not created: DevToolsActivePort file doesn't exist)\n  (The process started from chrome location /opt/google/chrome/chrome is no longer running, so ChromeDriver is assuming that Chrome has crashed.)\nStacktrace:\n#0 0x55a89c643fb3 <unknown>\n#1 0x55a89c3174a7 <unknown>\n#2 0x55a89c34ac93 <unknown>\n#3 0x55a89c34710c <unknown>\n#4 0x55a89c389ac6 <unknown>\n#5 0x55a89c380713 <unknown>\n#6 0x55a89c35318b <unknown>\n#7 0x55a89c353f7e <unknown>\n#8 0x55a89c6098d8 <unknown>\n#9 0x55a89c60d800 <unknown>\n#10 0x55a89c617cfc <unknown>\n#11 0x55a89c60e418 <unknown>\n#12 0x55a89c5db42f <unknown>\n#13 0x55a89c6324e8 <unknown>\n#14 0x55a89c6326b4 <unknown>\n#15 0x55a89c643143 <unknown>\n#16 0x7f9a51494ac3 <unknown>","time":{"start":1699970280223,"stop":1699970280223,"duration":0}},{"uid":"64d5d71970689510","reportUrl":"https://Uroboric.github.io/python_automation_lessons/79//#testresult/64d5d71970689510","status":"broken","statusDetails":"selenium.common.exceptions.TimeoutException: Message: Vehicles button\nStacktrace:\n#0 0x55b86dd8efb3 <unknown>\n#1 0x55b86da624a7 <unknown>\n#2 0x55b86daa9dd6 <unknown>\n#3 0x55b86daa9ec1 <unknown>\n#4 0x55b86dae7354 <unknown>\n#5 0x55b86dacb96d <unknown>\n#6 0x55b86dae4c02 <unknown>\n#7 0x55b86dacb713 <unknown>\n#8 0x55b86da9e18b <unknown>\n#9 0x55b86da9ef7e <unknown>\n#10 0x55b86dd548d8 <unknown>\n#11 0x55b86dd58800 <unknown>\n#12 0x55b86dd62cfc <unknown>\n#13 0x55b86dd59418 <unknown>\n#14 0x55b86dd2642f <unknown>\n#15 0x55b86dd7d4e8 <unknown>\n#16 0x55b86dd7d6b4 <unknown>\n#17 0x55b86dd8e143 <unknown>\n#18 0x7f65e8494ac3 <unknown>","time":{"start":1699968832780,"stop":1699968839864,"duration":7084}}]},"tags":["parallel","@pytest.mark.usefixtures('setup')"]},"source":"47f6de0c5fc93e81.json","parameterValues":["'Ariya'","'$43,190'"]}