{"uid":"84e71d6e8014d70f","name":"Asserting Vehicles prices","fullName":"tests.test_vehicles.TestVehicles#test_vehicle_price","historyId":"934a7970e8de554ba5f977a8404426d8","time":{"start":1699988656376,"stop":1699988666414,"duration":10038},"status":"broken","statusMessage":"selenium.common.exceptions.TimeoutException: Message: Vehicles button\nStacktrace:\n#0 0x55fd4548ffb3 <unknown>\n#1 0x55fd451634a7 <unknown>\n#2 0x55fd451aadd6 <unknown>\n#3 0x55fd451aaec1 <unknown>\n#4 0x55fd451e8354 <unknown>\n#5 0x55fd451cc96d <unknown>\n#6 0x55fd451e5c02 <unknown>\n#7 0x55fd451cc713 <unknown>\n#8 0x55fd4519f18b <unknown>\n#9 0x55fd4519ff7e <unknown>\n#10 0x55fd454558d8 <unknown>\n#11 0x55fd45459800 <unknown>\n#12 0x55fd45463cfc <unknown>\n#13 0x55fd4545a418 <unknown>\n#14 0x55fd4542742f <unknown>\n#15 0x55fd4547e4e8 <unknown>\n#16 0x55fd4547e6b4 <unknown>\n#17 0x55fd4548f143 <unknown>\n#18 0x7f700c294ac3 <unknown>","statusTrace":"self = <tests.test_vehicles.TestVehicles object at 0x7fd5b4483910>\ncar_name = 'Rogue', expected_price = '$27,910'\n\n    @allure.title(\"Asserting Vehicles prices\")\n    @pytest.mark.parametrize('car_name, expected_price', test_data)\n    def test_vehicle_price(self, car_name, expected_price):\n        vehicles = VehiclesNav(self.driver)\n>       vehicles.get_button_vehicles().click()\n\ntests/test_vehicles.py:17: \n_ _ _ _ _ _ _ _ _ _ _ _ _ _ _ _ _ _ _ _ _ _ _ _ _ _ _ _ _ _ _ _ _ _ _ _ _ _ _ _ \npom/vehicles.py:45: in get_button_vehicles\n    return self.is_visible('css', self.button_vehicles, 'Vehicles button')\nbase/seleniumbase.py:28: in is_visible\n    return self.wait.until(ec.visibility_of_element_located((self.get_selenium_by(find_by), locator)), locator_name)\n_ _ _ _ _ _ _ _ _ _ _ _ _ _ _ _ _ _ _ _ _ _ _ _ _ _ _ _ _ _ _ _ _ _ _ _ _ _ _ _ \n\nself = <selenium.webdriver.support.wait.WebDriverWait (session=\"3aa27cb09aa7dab9565c267bda56864b\")>\nmethod = <function visibility_of_element_located.<locals>._predicate at 0x7fd5b447fd80>\nmessage = 'Vehicles button'\n\n    def until(self, method, message: str = \"\"):\n        \"\"\"Calls the method provided with the driver as an argument until the \\\n        return value does not evaluate to ``False``.\n    \n        :param method: callable(WebDriver)\n        :param message: optional message for :exc:`TimeoutException`\n        :returns: the result of the last call to `method`\n        :raises: :exc:`selenium.common.exceptions.TimeoutException` if timeout occurs\n        \"\"\"\n        screen = None\n        stacktrace = None\n    \n        end_time = time.monotonic() + self._timeout\n        while True:\n            try:\n                value = method(self._driver)\n                if value:\n                    return value\n            except self._ignored_exceptions as exc:\n                screen = getattr(exc, \"screen\", None)\n                stacktrace = getattr(exc, \"stacktrace\", None)\n            time.sleep(self._poll)\n            if time.monotonic() > end_time:\n                break\n>       raise TimeoutException(message, screen, stacktrace)\nE       selenium.common.exceptions.TimeoutException: Message: Vehicles button\nE       Stacktrace:\nE       #0 0x55fd4548ffb3 <unknown>\nE       #1 0x55fd451634a7 <unknown>\nE       #2 0x55fd451aadd6 <unknown>\nE       #3 0x55fd451aaec1 <unknown>\nE       #4 0x55fd451e8354 <unknown>\nE       #5 0x55fd451cc96d <unknown>\nE       #6 0x55fd451e5c02 <unknown>\nE       #7 0x55fd451cc713 <unknown>\nE       #8 0x55fd4519f18b <unknown>\nE       #9 0x55fd4519ff7e <unknown>\nE       #10 0x55fd454558d8 <unknown>\nE       #11 0x55fd45459800 <unknown>\nE       #12 0x55fd45463cfc <unknown>\nE       #13 0x55fd4545a418 <unknown>\nE       #14 0x55fd4542742f <unknown>\nE       #15 0x55fd4547e4e8 <unknown>\nE       #16 0x55fd4547e6b4 <unknown>\nE       #17 0x55fd4548f143 <unknown>\nE       #18 0x7f700c294ac3 <unknown>\n\n/opt/hostedtoolcache/Python/3.11.6/x64/lib/python3.11/site-packages/selenium/webdriver/support/wait.py:95: TimeoutException","flaky":false,"newFailed":false,"newBroken":false,"newPassed":false,"retriesCount":0,"retriesStatusChange":false,"beforeStages":[{"name":"get_chrome_options","time":{"start":1699988648105,"stop":1699988648105,"duration":0},"status":"passed","steps":[],"attachments":[],"parameters":[],"shouldDisplayMessage":false,"stepsCount":0,"attachmentsCount":0,"hasContent":false},{"name":"get_webdriver","time":{"start":1699988648105,"stop":1699988655752,"duration":7647},"status":"passed","steps":[],"attachments":[],"parameters":[],"shouldDisplayMessage":false,"stepsCount":0,"attachmentsCount":0,"hasContent":false},{"name":"setup","time":{"start":1699988655752,"stop":1699988656375,"duration":623},"status":"passed","steps":[],"attachments":[],"parameters":[],"shouldDisplayMessage":false,"stepsCount":0,"attachmentsCount":0,"hasContent":false}],"afterStages":[{"name":"setup::0","time":{"start":1699988666452,"stop":1699988666601,"duration":149},"status":"passed","steps":[],"attachments":[{"uid":"fe662969aa9cfb81","name":"Screenshot 2023-11-14 19:04:26.542315","source":"fe662969aa9cfb81.png","type":"image/png","size":3249}],"parameters":[],"shouldDisplayMessage":false,"stepsCount":0,"attachmentsCount":1,"hasContent":true}],"labels":[{"name":"suite","value":"Testing Vehicles parametrize"},{"name":"tag","value":"parallel"},{"name":"tag","value":"@pytest.mark.usefixtures('setup')"},{"name":"parentSuite","value":"tests"},{"name":"subSuite","value":"TestVehicles"},{"name":"host","value":"fv-az343-525"},{"name":"thread","value":"2174-MainThread"},{"name":"framework","value":"pytest"},{"name":"language","value":"cpython3"},{"name":"package","value":"tests.test_vehicles"},{"name":"resultFormat","value":"allure2"}],"parameters":[{"name":"car_name","value":"'Rogue'"},{"name":"expected_price","value":"'$27,910'"}],"links":[],"hidden":false,"retry":false,"extra":{"severity":"normal","retries":[],"categories":[{"name":"Test defects","matchedStatuses":[],"flaky":false}],"history":{"statistic":{"failed":0,"broken":5,"skipped":0,"passed":0,"unknown":0,"total":5},"items":[{"uid":"e804ae14d9299eb3","reportUrl":"https://Uroboric.github.io/python_automation_lessons/81//#testresult/e804ae14d9299eb3","status":"broken","statusDetails":"AttributeError: 'VehiclesNav' object has no attribute 'current_url'","time":{"start":1699988456534,"stop":1699988456534,"duration":0}},{"uid":"b3520ab3a5796f70","reportUrl":"https://Uroboric.github.io/python_automation_lessons/81//#testresult/b3520ab3a5796f70","status":"broken","statusDetails":"AttributeError: 'VehiclesNav' object has no attribute 'current_url'","time":{"start":1699970770759,"stop":1699970770765,"duration":6}},{"uid":"2b6be3cd8977375c","reportUrl":"https://Uroboric.github.io/python_automation_lessons/80//#testresult/2b6be3cd8977375c","status":"broken","statusDetails":"selenium.common.exceptions.SessionNotCreatedException: Message: session not created: Chrome failed to start: exited normally.\n  (session not created: DevToolsActivePort file doesn't exist)\n  (The process started from chrome location /opt/google/chrome/chrome is no longer running, so ChromeDriver is assuming that Chrome has crashed.)\nStacktrace:\n#0 0x56356e0d6fb3 <unknown>\n#1 0x56356ddaa4a7 <unknown>\n#2 0x56356ddddc93 <unknown>\n#3 0x56356ddda10c <unknown>\n#4 0x56356de1cac6 <unknown>\n#5 0x56356de13713 <unknown>\n#6 0x56356dde618b <unknown>\n#7 0x56356dde6f7e <unknown>\n#8 0x56356e09c8d8 <unknown>\n#9 0x56356e0a0800 <unknown>\n#10 0x56356e0aacfc <unknown>\n#11 0x56356e0a1418 <unknown>\n#12 0x56356e06e42f <unknown>\n#13 0x56356e0c54e8 <unknown>\n#14 0x56356e0c56b4 <unknown>\n#15 0x56356e0d6143 <unknown>\n#16 0x7fda06494ac3 <unknown>","time":{"start":1699970280222,"stop":1699970280222,"duration":0}},{"uid":"df1bbf874df0d919","reportUrl":"https://Uroboric.github.io/python_automation_lessons/79//#testresult/df1bbf874df0d919","status":"broken","statusDetails":"selenium.common.exceptions.TimeoutException: Message: Vehicles button\nStacktrace:\n#0 0x56404c629fb3 <unknown>\n#1 0x56404c2fd4a7 <unknown>\n#2 0x56404c344dd6 <unknown>\n#3 0x56404c344ec1 <unknown>\n#4 0x56404c382354 <unknown>\n#5 0x56404c36696d <unknown>\n#6 0x56404c37fc02 <unknown>\n#7 0x56404c366713 <unknown>\n#8 0x56404c33918b <unknown>\n#9 0x56404c339f7e <unknown>\n#10 0x56404c5ef8d8 <unknown>\n#11 0x56404c5f3800 <unknown>\n#12 0x56404c5fdcfc <unknown>\n#13 0x56404c5f4418 <unknown>\n#14 0x56404c5c142f <unknown>\n#15 0x56404c6184e8 <unknown>\n#16 0x56404c6186b4 <unknown>\n#17 0x56404c629143 <unknown>\n#18 0x7f28b4a94ac3 <unknown>","time":{"start":1699968832722,"stop":1699968839798,"duration":7076}}]},"tags":["parallel","@pytest.mark.usefixtures('setup')"]},"source":"84e71d6e8014d70f.json","parameterValues":["'Rogue'","'$27,910'"]}