{"uid":"2a61f9d8ee7430c3","name":"Asserting Vehicles prices","fullName":"tests.test_vehicles.TestVehicles#test_vehicle_price","historyId":"934a7970e8de554ba5f977a8404426d8","time":{"start":1699995564125,"stop":1699995579848,"duration":15723},"status":"broken","statusMessage":"selenium.common.exceptions.TimeoutException: Message: Rogue link","statusTrace":"self = <tests.test_vehicles.TestVehicles object at 0x7fe7f40f9010>\ncar_name = 'Rogue', expected_price = '$27,910'\n\n    @allure.title(\"Asserting Vehicles prices\")\n    @pytest.mark.parametrize('car_name, expected_price', test_data)\n    def test_vehicle_price(self, car_name, expected_price):\n        vehicles = VehiclesNav(self.driver)\n        #vehicles.get_button_to_be_clickable().click()\n        # print(f\"Current URL: {self.driver.current_url}\")\n        # vehicles.get_button_vehicles_present().click()\n        # print(f\"Current URL: {self.driver.current_url}\")\n        vehicles.get_button_vehicles_visible().click()\n>       vehicles.get_car_link(car_name).click()\n\ntests/test_vehicles.py:22: \n_ _ _ _ _ _ _ _ _ _ _ _ _ _ _ _ _ _ _ _ _ _ _ _ _ _ _ _ _ _ _ _ _ _ _ _ _ _ _ _ \npom/vehicles.py:57: in get_car_link\n    return self.is_visible('css', self.car_mapping[car_name]['link_selector'], f'{car_name} link')\nbase/seleniumbase.py:28: in is_visible\n    return self.wait.until(ec.visibility_of_element_located((self.get_selenium_by(find_by), locator)), locator_name)\n_ _ _ _ _ _ _ _ _ _ _ _ _ _ _ _ _ _ _ _ _ _ _ _ _ _ _ _ _ _ _ _ _ _ _ _ _ _ _ _ \n\nself = <selenium.webdriver.support.wait.WebDriverWait (session=\"3845fe0c-4ff2-4cba-8708-e7ebf3dbdad6\")>\nmethod = <function visibility_of_element_located.<locals>._predicate at 0x7fe7eff18d60>\nmessage = 'Rogue link'\n\n    def until(self, method, message: str = \"\"):\n        \"\"\"Calls the method provided with the driver as an argument until the \\\n        return value does not evaluate to ``False``.\n    \n        :param method: callable(WebDriver)\n        :param message: optional message for :exc:`TimeoutException`\n        :returns: the result of the last call to `method`\n        :raises: :exc:`selenium.common.exceptions.TimeoutException` if timeout occurs\n        \"\"\"\n        screen = None\n        stacktrace = None\n    \n        end_time = time.monotonic() + self._timeout\n        while True:\n            try:\n                value = method(self._driver)\n                if value:\n                    return value\n            except self._ignored_exceptions as exc:\n                screen = getattr(exc, \"screen\", None)\n                stacktrace = getattr(exc, \"stacktrace\", None)\n            time.sleep(self._poll)\n            if time.monotonic() > end_time:\n                break\n>       raise TimeoutException(message, screen, stacktrace)\nE       selenium.common.exceptions.TimeoutException: Message: Rogue link\n\n/opt/hostedtoolcache/Python/3.11.6/x64/lib/python3.11/site-packages/selenium/webdriver/support/wait.py:95: TimeoutException","flaky":false,"newFailed":false,"newBroken":false,"newPassed":false,"retriesCount":0,"retriesStatusChange":false,"beforeStages":[{"name":"get_firefox_options","time":{"start":1699995549965,"stop":1699995549965,"duration":0},"status":"passed","steps":[],"attachments":[],"parameters":[],"shouldDisplayMessage":false,"stepsCount":0,"attachmentsCount":0,"hasContent":false},{"name":"get_webdriver","time":{"start":1699995549966,"stop":1699995558386,"duration":8420},"status":"passed","steps":[],"attachments":[],"parameters":[],"shouldDisplayMessage":false,"stepsCount":0,"attachmentsCount":0,"hasContent":false},{"name":"setup","time":{"start":1699995558387,"stop":1699995564124,"duration":5737},"status":"passed","steps":[],"attachments":[],"parameters":[],"shouldDisplayMessage":false,"stepsCount":0,"attachmentsCount":0,"hasContent":false}],"afterStages":[{"name":"setup::0","time":{"start":1699995579886,"stop":1699995580845,"duration":959},"status":"passed","steps":[],"attachments":[{"uid":"ac343eb37beb7d1b","name":"Screenshot 2023-11-14 20:59:40.014581","source":"ac343eb37beb7d1b.png","type":"image/png","size":1196781}],"parameters":[],"shouldDisplayMessage":false,"stepsCount":0,"attachmentsCount":1,"hasContent":true}],"labels":[{"name":"suite","value":"Testing Vehicles parametrize"},{"name":"tag","value":"parallel"},{"name":"tag","value":"@pytest.mark.usefixtures('setup')"},{"name":"parentSuite","value":"tests"},{"name":"subSuite","value":"TestVehicles"},{"name":"host","value":"fv-az1543-140"},{"name":"thread","value":"2308-MainThread"},{"name":"framework","value":"pytest"},{"name":"language","value":"cpython3"},{"name":"package","value":"tests.test_vehicles"},{"name":"resultFormat","value":"allure2"}],"parameters":[{"name":"car_name","value":"'Rogue'"},{"name":"expected_price","value":"'$27,910'"}],"links":[],"hidden":false,"retry":false,"extra":{"severity":"normal","retries":[],"categories":[{"name":"Test defects","matchedStatuses":[],"flaky":false}],"history":{"statistic":{"failed":0,"broken":7,"skipped":0,"passed":0,"unknown":0,"total":7},"items":[{"uid":"791fcdc1aa312407","reportUrl":"https://Uroboric.github.io/python_automation_lessons/83//#testresult/791fcdc1aa312407","status":"broken","statusDetails":"selenium.common.exceptions.TimeoutException: Message: Rogue link","time":{"start":1699995167000,"stop":1699995177530,"duration":10530}},{"uid":"84e71d6e8014d70f","reportUrl":"https://Uroboric.github.io/python_automation_lessons/82//#testresult/84e71d6e8014d70f","status":"broken","statusDetails":"selenium.common.exceptions.TimeoutException: Message: Vehicles button\nStacktrace:\n#0 0x55fd4548ffb3 <unknown>\n#1 0x55fd451634a7 <unknown>\n#2 0x55fd451aadd6 <unknown>\n#3 0x55fd451aaec1 <unknown>\n#4 0x55fd451e8354 <unknown>\n#5 0x55fd451cc96d <unknown>\n#6 0x55fd451e5c02 <unknown>\n#7 0x55fd451cc713 <unknown>\n#8 0x55fd4519f18b <unknown>\n#9 0x55fd4519ff7e <unknown>\n#10 0x55fd454558d8 <unknown>\n#11 0x55fd45459800 <unknown>\n#12 0x55fd45463cfc <unknown>\n#13 0x55fd4545a418 <unknown>\n#14 0x55fd4542742f <unknown>\n#15 0x55fd4547e4e8 <unknown>\n#16 0x55fd4547e6b4 <unknown>\n#17 0x55fd4548f143 <unknown>\n#18 0x7f700c294ac3 <unknown>","time":{"start":1699988656376,"stop":1699988666414,"duration":10038}},{"uid":"e804ae14d9299eb3","reportUrl":"https://Uroboric.github.io/python_automation_lessons/81//#testresult/e804ae14d9299eb3","status":"broken","statusDetails":"AttributeError: 'VehiclesNav' object has no attribute 'current_url'","time":{"start":1699988456534,"stop":1699988456534,"duration":0}},{"uid":"b3520ab3a5796f70","reportUrl":"https://Uroboric.github.io/python_automation_lessons/81//#testresult/b3520ab3a5796f70","status":"broken","statusDetails":"AttributeError: 'VehiclesNav' object has no attribute 'current_url'","time":{"start":1699970770759,"stop":1699970770765,"duration":6}},{"uid":"2b6be3cd8977375c","reportUrl":"https://Uroboric.github.io/python_automation_lessons/80//#testresult/2b6be3cd8977375c","status":"broken","statusDetails":"selenium.common.exceptions.SessionNotCreatedException: Message: session not created: Chrome failed to start: exited normally.\n  (session not created: DevToolsActivePort file doesn't exist)\n  (The process started from chrome location /opt/google/chrome/chrome is no longer running, so ChromeDriver is assuming that Chrome has crashed.)\nStacktrace:\n#0 0x56356e0d6fb3 <unknown>\n#1 0x56356ddaa4a7 <unknown>\n#2 0x56356ddddc93 <unknown>\n#3 0x56356ddda10c <unknown>\n#4 0x56356de1cac6 <unknown>\n#5 0x56356de13713 <unknown>\n#6 0x56356dde618b <unknown>\n#7 0x56356dde6f7e <unknown>\n#8 0x56356e09c8d8 <unknown>\n#9 0x56356e0a0800 <unknown>\n#10 0x56356e0aacfc <unknown>\n#11 0x56356e0a1418 <unknown>\n#12 0x56356e06e42f <unknown>\n#13 0x56356e0c54e8 <unknown>\n#14 0x56356e0c56b4 <unknown>\n#15 0x56356e0d6143 <unknown>\n#16 0x7fda06494ac3 <unknown>","time":{"start":1699970280222,"stop":1699970280222,"duration":0}},{"uid":"df1bbf874df0d919","reportUrl":"https://Uroboric.github.io/python_automation_lessons/79//#testresult/df1bbf874df0d919","status":"broken","statusDetails":"selenium.common.exceptions.TimeoutException: Message: Vehicles button\nStacktrace:\n#0 0x56404c629fb3 <unknown>\n#1 0x56404c2fd4a7 <unknown>\n#2 0x56404c344dd6 <unknown>\n#3 0x56404c344ec1 <unknown>\n#4 0x56404c382354 <unknown>\n#5 0x56404c36696d <unknown>\n#6 0x56404c37fc02 <unknown>\n#7 0x56404c366713 <unknown>\n#8 0x56404c33918b <unknown>\n#9 0x56404c339f7e <unknown>\n#10 0x56404c5ef8d8 <unknown>\n#11 0x56404c5f3800 <unknown>\n#12 0x56404c5fdcfc <unknown>\n#13 0x56404c5f4418 <unknown>\n#14 0x56404c5c142f <unknown>\n#15 0x56404c6184e8 <unknown>\n#16 0x56404c6186b4 <unknown>\n#17 0x56404c629143 <unknown>\n#18 0x7f28b4a94ac3 <unknown>","time":{"start":1699968832722,"stop":1699968839798,"duration":7076}}]},"tags":["parallel","@pytest.mark.usefixtures('setup')"]},"source":"2a61f9d8ee7430c3.json","parameterValues":["'Rogue'","'$27,910'"]}