{"uid":"6e73260bc20f8456","name":"Asserting Vehicles prices","fullName":"tests.test_vehicles.TestVehicles#test_vehicle_price","historyId":"1903f586d484f91b09b0310d9ecb3110","time":{"start":1700000853718,"stop":1700000894544,"duration":40826},"status":"broken","statusMessage":"selenium.common.exceptions.TimeoutException: Message: Rogue Sport link","statusTrace":"self = <tests.test_vehicles.TestVehicles object at 0x7f593a9a51d0>\ncar_name = 'Rogue Sport', expected_price = '$24,960'\n\n    @allure.title(\"Asserting Vehicles prices\")\n    @pytest.mark.parametrize('car_name, expected_price', test_data)\n    def test_vehicle_price(self, car_name, expected_price):\n        vehicles = VehiclesNav(self.driver)\n        #vehicles.get_button_to_be_clickable().click()\n        # print(f\"Current URL: {self.driver.current_url}\")\n        # vehicles.get_button_vehicles_present().click()\n        # print(f\"Current URL: {self.driver.current_url}\")\n        vehicles.get_button_vehicles_visible().click()\n>       vehicles.get_car_link(car_name).click()\n\ntests/test_vehicles.py:22: \n_ _ _ _ _ _ _ _ _ _ _ _ _ _ _ _ _ _ _ _ _ _ _ _ _ _ _ _ _ _ _ _ _ _ _ _ _ _ _ _ \npom/vehicles.py:57: in get_car_link\n    return self.is_visible('css', self.car_mapping[car_name]['link_selector'], f'{car_name} link')\nbase/seleniumbase.py:28: in is_visible\n    return self.wait.until(ec.visibility_of_element_located((self.get_selenium_by(find_by), locator)), locator_name)\n_ _ _ _ _ _ _ _ _ _ _ _ _ _ _ _ _ _ _ _ _ _ _ _ _ _ _ _ _ _ _ _ _ _ _ _ _ _ _ _ \n\nself = <selenium.webdriver.support.wait.WebDriverWait (session=\"cef343d1-dd6e-45b1-b117-fef126fca2bb\")>\nmethod = <function visibility_of_element_located.<locals>._predicate at 0x7f593a855440>\nmessage = 'Rogue Sport link'\n\n    def until(self, method, message: str = \"\"):\n        \"\"\"Calls the method provided with the driver as an argument until the \\\n        return value does not evaluate to ``False``.\n    \n        :param method: callable(WebDriver)\n        :param message: optional message for :exc:`TimeoutException`\n        :returns: the result of the last call to `method`\n        :raises: :exc:`selenium.common.exceptions.TimeoutException` if timeout occurs\n        \"\"\"\n        screen = None\n        stacktrace = None\n    \n        end_time = time.monotonic() + self._timeout\n        while True:\n            try:\n                value = method(self._driver)\n                if value:\n                    return value\n            except self._ignored_exceptions as exc:\n                screen = getattr(exc, \"screen\", None)\n                stacktrace = getattr(exc, \"stacktrace\", None)\n            time.sleep(self._poll)\n            if time.monotonic() > end_time:\n                break\n>       raise TimeoutException(message, screen, stacktrace)\nE       selenium.common.exceptions.TimeoutException: Message: Rogue Sport link\n\n/opt/hostedtoolcache/Python/3.11.6/x64/lib/python3.11/site-packages/selenium/webdriver/support/wait.py:95: TimeoutException","flaky":false,"newFailed":false,"newBroken":false,"newPassed":false,"retriesCount":0,"retriesStatusChange":false,"beforeStages":[{"name":"get_webdriver","time":{"start":1700000824745,"stop":1700000842768,"duration":18023},"status":"passed","steps":[],"attachments":[],"parameters":[],"shouldDisplayMessage":false,"stepsCount":0,"attachmentsCount":0,"hasContent":false},{"name":"get_firefox_options","time":{"start":1700000824745,"stop":1700000824745,"duration":0},"status":"passed","steps":[],"attachments":[],"parameters":[],"shouldDisplayMessage":false,"stepsCount":0,"attachmentsCount":0,"hasContent":false},{"name":"setup","time":{"start":1700000842768,"stop":1700000853717,"duration":10949},"status":"passed","steps":[],"attachments":[],"parameters":[],"shouldDisplayMessage":false,"stepsCount":0,"attachmentsCount":0,"hasContent":false}],"afterStages":[{"name":"setup::0","time":{"start":1700000894702,"stop":1700000897649,"duration":2947},"status":"passed","steps":[],"attachments":[{"uid":"5bf5867ca05b175c","name":"Screenshot 2023-11-14 22:28:15.248033","source":"5bf5867ca05b175c.png","type":"image/png","size":1196839}],"parameters":[],"shouldDisplayMessage":false,"stepsCount":0,"attachmentsCount":1,"hasContent":true}],"labels":[{"name":"suite","value":"Testing Vehicles parametrize"},{"name":"tag","value":"parallel"},{"name":"tag","value":"@pytest.mark.usefixtures('setup')"},{"name":"parentSuite","value":"tests"},{"name":"subSuite","value":"TestVehicles"},{"name":"host","value":"fv-az612-514"},{"name":"thread","value":"2158-MainThread"},{"name":"framework","value":"pytest"},{"name":"language","value":"cpython3"},{"name":"package","value":"tests.test_vehicles"},{"name":"resultFormat","value":"allure2"}],"parameters":[{"name":"car_name","value":"'Rogue Sport'"},{"name":"expected_price","value":"'$24,960'"}],"links":[],"hidden":false,"retry":false,"extra":{"severity":"normal","retries":[],"categories":[{"name":"Test defects","matchedStatuses":[],"flaky":false}],"history":{"statistic":{"failed":0,"broken":11,"skipped":0,"passed":0,"unknown":0,"total":11},"items":[{"uid":"e5b564e14f728a99","reportUrl":"https://Uroboric.github.io/python_automation_lessons/86//#testresult/e5b564e14f728a99","status":"broken","statusDetails":"selenium.common.exceptions.TimeoutException: Message: Rogue Sport link","time":{"start":1699998784230,"stop":1699998820749,"duration":36519}},{"uid":"e544ff05c8daa269","reportUrl":"https://Uroboric.github.io/python_automation_lessons/86//#testresult/e544ff05c8daa269","status":"broken","statusDetails":"selenium.common.exceptions.TimeoutException: Message: Rogue Sport link","time":{"start":1699997106518,"stop":1699997144639,"duration":38121}},{"uid":"289b85a37722e1e6","reportUrl":"https://Uroboric.github.io/python_automation_lessons/85//#testresult/289b85a37722e1e6","status":"broken","statusDetails":"selenium.common.exceptions.TimeoutException: Message: Rogue Sport link","time":{"start":1699996266035,"stop":1699996285210,"duration":19175}},{"uid":"686f4eb74bad2842","reportUrl":"https://Uroboric.github.io/python_automation_lessons/84//#testresult/686f4eb74bad2842","status":"broken","statusDetails":"selenium.common.exceptions.WebDriverException: Message: Reached error page: about:neterror?e=nssFailure2&u=https%3A//www.nissanusa.com/vehicles/crossovers-suvs/rogue-sport.html&c=UTF-8&d=The%20connection%20to%20www.nissanusa.com%20was%20interrupted%20while%20the%20page%20was%20loading.\nStacktrace:\nRemoteError@chrome://remote/content/shared/RemoteError.sys.mjs:8:8\nWebDriverError@chrome://remote/content/shared/webdriver/Errors.sys.mjs:189:5\nUnknownError@chrome://remote/content/shared/webdriver/Errors.sys.mjs:768:5\ncheckReadyState@chrome://remote/content/marionette/navigate.sys.mjs:58:24\nonNavigation@chrome://remote/content/marionette/navigate.sys.mjs:324:39\nemit@resource://gre/modules/EventEmitter.sys.mjs:154:20\nreceiveMessage@chrome://remote/content/marionette/actors/MarionetteEventsParent.sys.mjs:33:25","time":{"start":1699995562912,"stop":1699995577227,"duration":14315}},{"uid":"be9a616fb538a67c","reportUrl":"https://Uroboric.github.io/python_automation_lessons/83//#testresult/be9a616fb538a67c","status":"broken","statusDetails":"selenium.common.exceptions.WebDriverException: Message: Reached error page: about:neterror?e=nssFailure2&u=https%3A//www.nissanusa.com/vehicles/crossovers-suvs/rogue-sport.html&c=UTF-8&d=The%20connection%20to%20www.nissanusa.com%20was%20interrupted%20while%20the%20page%20was%20loading.\nStacktrace:\nRemoteError@chrome://remote/content/shared/RemoteError.sys.mjs:8:8\nWebDriverError@chrome://remote/content/shared/webdriver/Errors.sys.mjs:189:5\nUnknownError@chrome://remote/content/shared/webdriver/Errors.sys.mjs:768:5\ncheckReadyState@chrome://remote/content/marionette/navigate.sys.mjs:58:24\nonNavigation@chrome://remote/content/marionette/navigate.sys.mjs:324:39\nemit@resource://gre/modules/EventEmitter.sys.mjs:154:20\nreceiveMessage@chrome://remote/content/marionette/actors/MarionetteEventsParent.sys.mjs:33:25","time":{"start":1699995165658,"stop":1699995183271,"duration":17613}},{"uid":"2712ebf317759888","reportUrl":"https://Uroboric.github.io/python_automation_lessons/82//#testresult/2712ebf317759888","status":"broken","statusDetails":"selenium.common.exceptions.TimeoutException: Message: Vehicles button\nStacktrace:\n#0 0x564f6cf16fb3 <unknown>\n#1 0x564f6cbea4a7 <unknown>\n#2 0x564f6cc31dd6 <unknown>\n#3 0x564f6cc31ec1 <unknown>\n#4 0x564f6cc6f354 <unknown>\n#5 0x564f6cc5396d <unknown>\n#6 0x564f6cc6cc02 <unknown>\n#7 0x564f6cc53713 <unknown>\n#8 0x564f6cc2618b <unknown>\n#9 0x564f6cc26f7e <unknown>\n#10 0x564f6cedc8d8 <unknown>\n#11 0x564f6cee0800 <unknown>\n#12 0x564f6ceeacfc <unknown>\n#13 0x564f6cee1418 <unknown>\n#14 0x564f6ceae42f <unknown>\n#15 0x564f6cf054e8 <unknown>\n#16 0x564f6cf056b4 <unknown>\n#17 0x564f6cf16143 <unknown>\n#18 0x7fa295294ac3 <unknown>","time":{"start":1699988656425,"stop":1699988666932,"duration":10507}},{"uid":"2007ad48ee7b84d7","reportUrl":"https://Uroboric.github.io/python_automation_lessons/81//#testresult/2007ad48ee7b84d7","status":"broken","statusDetails":"AttributeError: 'VehiclesNav' object has no attribute 'current_url'","time":{"start":1699988456484,"stop":1699988456485,"duration":1}},{"uid":"8fec3222e3284171","reportUrl":"https://Uroboric.github.io/python_automation_lessons/81//#testresult/8fec3222e3284171","status":"broken","statusDetails":"AttributeError: 'VehiclesNav' object has no attribute 'current_url'","time":{"start":1699970770733,"stop":1699970770733,"duration":0}},{"uid":"f9cee97043d22eac","reportUrl":"https://Uroboric.github.io/python_automation_lessons/80//#testresult/f9cee97043d22eac","status":"broken","statusDetails":"selenium.common.exceptions.SessionNotCreatedException: Message: session not created: Chrome failed to start: exited normally.\n  (session not created: DevToolsActivePort file doesn't exist)\n  (The process started from chrome location /opt/google/chrome/chrome is no longer running, so ChromeDriver is assuming that Chrome has crashed.)\nStacktrace:\n#0 0x55c83985afb3 <unknown>\n#1 0x55c83952e4a7 <unknown>\n#2 0x55c839561c93 <unknown>\n#3 0x55c83955e10c <unknown>\n#4 0x55c8395a0ac6 <unknown>\n#5 0x55c839597713 <unknown>\n#6 0x55c83956a18b <unknown>\n#7 0x55c83956af7e <unknown>\n#8 0x55c8398208d8 <unknown>\n#9 0x55c839824800 <unknown>\n#10 0x55c83982ecfc <unknown>\n#11 0x55c839825418 <unknown>\n#12 0x55c8397f242f <unknown>\n#13 0x55c8398494e8 <unknown>\n#14 0x55c8398496b4 <unknown>\n#15 0x55c83985a143 <unknown>\n#16 0x7ff458c94ac3 <unknown>","time":{"start":1699970280225,"stop":1699970280225,"duration":0}},{"uid":"3d47170fc0695458","reportUrl":"https://Uroboric.github.io/python_automation_lessons/79//#testresult/3d47170fc0695458","status":"broken","statusDetails":"selenium.common.exceptions.TimeoutException: Message: Vehicles button\nStacktrace:\n#0 0x55d940dc9fb3 <unknown>\n#1 0x55d940a9d4a7 <unknown>\n#2 0x55d940ae4dd6 <unknown>\n#3 0x55d940ae4ec1 <unknown>\n#4 0x55d940b22354 <unknown>\n#5 0x55d940b0696d <unknown>\n#6 0x55d940b1fc02 <unknown>\n#7 0x55d940b06713 <unknown>\n#8 0x55d940ad918b <unknown>\n#9 0x55d940ad9f7e <unknown>\n#10 0x55d940d8f8d8 <unknown>\n#11 0x55d940d93800 <unknown>\n#12 0x55d940d9dcfc <unknown>\n#13 0x55d940d94418 <unknown>\n#14 0x55d940d6142f <unknown>\n#15 0x55d940db84e8 <unknown>\n#16 0x55d940db86b4 <unknown>\n#17 0x55d940dc9143 <unknown>\n#18 0x7f7a2a894ac3 <unknown>","time":{"start":1699968832687,"stop":1699968839731,"duration":7044}}]},"tags":["parallel","@pytest.mark.usefixtures('setup')"]},"source":"6e73260bc20f8456.json","parameterValues":["'Rogue Sport'","'$24,960'"]}