{"uid":"a7f8c7a3bbd58a74","name":"Asserting Vehicles prices","fullName":"tests.test_vehicles.TestVehicles#test_vehicle_price","historyId":"b008c2e81e35c5d8536cc7382f62f0ca","time":{"start":1700000852884,"stop":1700000885317,"duration":32433},"status":"broken","statusMessage":"selenium.common.exceptions.WebDriverException: Message: Reached error page: about:neterror?e=nssFailure2&u=https%3A//www.nissanusa.com/vehicles/crossovers-suvs/pathfinder.html&c=UTF-8&d=The%20connection%20to%20www.nissanusa.com%20was%20interrupted%20while%20the%20page%20was%20loading.\nStacktrace:\nRemoteError@chrome://remote/content/shared/RemoteError.sys.mjs:8:8\nWebDriverError@chrome://remote/content/shared/webdriver/Errors.sys.mjs:189:5\nUnknownError@chrome://remote/content/shared/webdriver/Errors.sys.mjs:768:5\ncheckReadyState@chrome://remote/content/marionette/navigate.sys.mjs:58:24\nonNavigation@chrome://remote/content/marionette/navigate.sys.mjs:324:39\nemit@resource://gre/modules/EventEmitter.sys.mjs:154:20\nreceiveMessage@chrome://remote/content/marionette/actors/MarionetteEventsParent.sys.mjs:33:25","statusTrace":"self = <tests.test_vehicles.TestVehicles object at 0x7fd715f35790>\ncar_name = 'Pathfinder', expected_price = '$35,320'\n\n    @allure.title(\"Asserting Vehicles prices\")\n    @pytest.mark.parametrize('car_name, expected_price', test_data)\n    def test_vehicle_price(self, car_name, expected_price):\n        vehicles = VehiclesNav(self.driver)\n        #vehicles.get_button_to_be_clickable().click()\n        # print(f\"Current URL: {self.driver.current_url}\")\n        # vehicles.get_button_vehicles_present().click()\n        # print(f\"Current URL: {self.driver.current_url}\")\n        vehicles.get_button_vehicles_visible().click()\n>       vehicles.get_car_link(car_name).click()\n\ntests/test_vehicles.py:22: \n_ _ _ _ _ _ _ _ _ _ _ _ _ _ _ _ _ _ _ _ _ _ _ _ _ _ _ _ _ _ _ _ _ _ _ _ _ _ _ _ \n/opt/hostedtoolcache/Python/3.11.6/x64/lib/python3.11/site-packages/selenium/webdriver/remote/webelement.py:93: in click\n    self._execute(Command.CLICK_ELEMENT)\n/opt/hostedtoolcache/Python/3.11.6/x64/lib/python3.11/site-packages/selenium/webdriver/remote/webelement.py:403: in _execute\n    return self._parent.execute(command, params)\n/opt/hostedtoolcache/Python/3.11.6/x64/lib/python3.11/site-packages/selenium/webdriver/remote/webdriver.py:440: in execute\n    self.error_handler.check_response(response)\n_ _ _ _ _ _ _ _ _ _ _ _ _ _ _ _ _ _ _ _ _ _ _ _ _ _ _ _ _ _ _ _ _ _ _ _ _ _ _ _ \n\nself = <selenium.webdriver.remote.errorhandler.ErrorHandler object at 0x7fd716274410>\nresponse = {'status': 500, 'value': '{\"value\":{\"error\":\"unknown error\",\"message\":\"Reached error page: about:neterror?e=nssFailure....sys.mjs:154:20\\\\nreceiveMessage@chrome://remote/content/marionette/actors/MarionetteEventsParent.sys.mjs:33:25\\\\n\"}}'}\n\n    def check_response(self, response: Dict[str, Any]) -> None:\n        \"\"\"Checks that a JSON response from the WebDriver does not have an\n        error.\n    \n        :Args:\n         - response - The JSON response from the WebDriver server as a dictionary\n           object.\n    \n        :Raises: If the response contains an error message.\n        \"\"\"\n        status = response.get(\"status\", None)\n        if not status or status == ErrorCode.SUCCESS:\n            return\n        value = None\n        message = response.get(\"message\", \"\")\n        screen: str = response.get(\"screen\", \"\")\n        stacktrace = None\n        if isinstance(status, int):\n            value_json = response.get(\"value\", None)\n            if value_json and isinstance(value_json, str):\n                import json\n    \n                try:\n                    value = json.loads(value_json)\n                    if len(value.keys()) == 1:\n                        value = value[\"value\"]\n                    status = value.get(\"error\", None)\n                    if not status:\n                        status = value.get(\"status\", ErrorCode.UNKNOWN_ERROR)\n                        message = value.get(\"value\") or value.get(\"message\")\n                        if not isinstance(message, str):\n                            value = message\n                            message = message.get(\"message\")\n                    else:\n                        message = value.get(\"message\", None)\n                except ValueError:\n                    pass\n    \n        exception_class: Type[WebDriverException]\n        if status in ErrorCode.NO_SUCH_ELEMENT:\n            exception_class = NoSuchElementException\n        elif status in ErrorCode.NO_SUCH_FRAME:\n            exception_class = NoSuchFrameException\n        elif status in ErrorCode.NO_SUCH_SHADOW_ROOT:\n            exception_class = NoSuchShadowRootException\n        elif status in ErrorCode.NO_SUCH_WINDOW:\n            exception_class = NoSuchWindowException\n        elif status in ErrorCode.STALE_ELEMENT_REFERENCE:\n            exception_class = StaleElementReferenceException\n        elif status in ErrorCode.ELEMENT_NOT_VISIBLE:\n            exception_class = ElementNotVisibleException\n        elif status in ErrorCode.INVALID_ELEMENT_STATE:\n            exception_class = InvalidElementStateException\n        elif (\n            status in ErrorCode.INVALID_SELECTOR\n            or status in ErrorCode.INVALID_XPATH_SELECTOR\n            or status in ErrorCode.INVALID_XPATH_SELECTOR_RETURN_TYPER\n        ):\n            exception_class = InvalidSelectorException\n        elif status in ErrorCode.ELEMENT_IS_NOT_SELECTABLE:\n            exception_class = ElementNotSelectableException\n        elif status in ErrorCode.ELEMENT_NOT_INTERACTABLE:\n            exception_class = ElementNotInteractableException\n        elif status in ErrorCode.INVALID_COOKIE_DOMAIN:\n            exception_class = InvalidCookieDomainException\n        elif status in ErrorCode.UNABLE_TO_SET_COOKIE:\n            exception_class = UnableToSetCookieException\n        elif status in ErrorCode.TIMEOUT:\n            exception_class = TimeoutException\n        elif status in ErrorCode.SCRIPT_TIMEOUT:\n            exception_class = TimeoutException\n        elif status in ErrorCode.UNKNOWN_ERROR:\n            exception_class = WebDriverException\n        elif status in ErrorCode.UNEXPECTED_ALERT_OPEN:\n            exception_class = UnexpectedAlertPresentException\n        elif status in ErrorCode.NO_ALERT_OPEN:\n            exception_class = NoAlertPresentException\n        elif status in ErrorCode.IME_NOT_AVAILABLE:\n            exception_class = ImeNotAvailableException\n        elif status in ErrorCode.IME_ENGINE_ACTIVATION_FAILED:\n            exception_class = ImeActivationFailedException\n        elif status in ErrorCode.MOVE_TARGET_OUT_OF_BOUNDS:\n            exception_class = MoveTargetOutOfBoundsException\n        elif status in ErrorCode.JAVASCRIPT_ERROR:\n            exception_class = JavascriptException\n        elif status in ErrorCode.SESSION_NOT_CREATED:\n            exception_class = SessionNotCreatedException\n        elif status in ErrorCode.INVALID_ARGUMENT:\n            exception_class = InvalidArgumentException\n        elif status in ErrorCode.NO_SUCH_COOKIE:\n            exception_class = NoSuchCookieException\n        elif status in ErrorCode.UNABLE_TO_CAPTURE_SCREEN:\n            exception_class = ScreenshotException\n        elif status in ErrorCode.ELEMENT_CLICK_INTERCEPTED:\n            exception_class = ElementClickInterceptedException\n        elif status in ErrorCode.INSECURE_CERTIFICATE:\n            exception_class = InsecureCertificateException\n        elif status in ErrorCode.INVALID_COORDINATES:\n            exception_class = InvalidCoordinatesException\n        elif status in ErrorCode.INVALID_SESSION_ID:\n            exception_class = InvalidSessionIdException\n        elif status in ErrorCode.UNKNOWN_METHOD:\n            exception_class = UnknownMethodException\n        else:\n            exception_class = WebDriverException\n        if not value:\n            value = response[\"value\"]\n        if isinstance(value, str):\n            raise exception_class(value)\n        if message == \"\" and \"message\" in value:\n            message = value[\"message\"]\n    \n        screen = None  # type: ignore[assignment]\n        if \"screen\" in value:\n            screen = value[\"screen\"]\n    \n        stacktrace = None\n        st_value = value.get(\"stackTrace\") or value.get(\"stacktrace\")\n        if st_value:\n            if isinstance(st_value, str):\n                stacktrace = st_value.split(\"\\n\")\n            else:\n                stacktrace = []\n                try:\n                    for frame in st_value:\n                        line = frame.get(\"lineNumber\", \"\")\n                        file = frame.get(\"fileName\", \"<anonymous>\")\n                        if line:\n                            file = f\"{file}:{line}\"\n                        meth = frame.get(\"methodName\", \"<anonymous>\")\n                        if \"className\" in frame:\n                            meth = f\"{frame['className']}.{meth}\"\n                        msg = \"    at %s (%s)\"\n                        msg = msg % (meth, file)\n                        stacktrace.append(msg)\n                except TypeError:\n                    pass\n        if exception_class == UnexpectedAlertPresentException:\n            alert_text = None\n            if \"data\" in value:\n                alert_text = value[\"data\"].get(\"text\")\n            elif \"alert\" in value:\n                alert_text = value[\"alert\"].get(\"text\")\n            raise exception_class(message, screen, stacktrace, alert_text)  # type: ignore[call-arg]  # mypy is not smart enough here\n>       raise exception_class(message, screen, stacktrace)\nE       selenium.common.exceptions.WebDriverException: Message: Reached error page: about:neterror?e=nssFailure2&u=https%3A//www.nissanusa.com/vehicles/crossovers-suvs/pathfinder.html&c=UTF-8&d=The%20connection%20to%20www.nissanusa.com%20was%20interrupted%20while%20the%20page%20was%20loading.\nE       Stacktrace:\nE       RemoteError@chrome://remote/content/shared/RemoteError.sys.mjs:8:8\nE       WebDriverError@chrome://remote/content/shared/webdriver/Errors.sys.mjs:189:5\nE       UnknownError@chrome://remote/content/shared/webdriver/Errors.sys.mjs:768:5\nE       checkReadyState@chrome://remote/content/marionette/navigate.sys.mjs:58:24\nE       onNavigation@chrome://remote/content/marionette/navigate.sys.mjs:324:39\nE       emit@resource://gre/modules/EventEmitter.sys.mjs:154:20\nE       receiveMessage@chrome://remote/content/marionette/actors/MarionetteEventsParent.sys.mjs:33:25\n\n/opt/hostedtoolcache/Python/3.11.6/x64/lib/python3.11/site-packages/selenium/webdriver/remote/errorhandler.py:245: WebDriverException","flaky":false,"newFailed":false,"newBroken":false,"newPassed":false,"retriesCount":0,"retriesStatusChange":false,"beforeStages":[{"name":"get_webdriver","time":{"start":1700000824749,"stop":1700000842165,"duration":17416},"status":"passed","steps":[],"attachments":[],"parameters":[],"shouldDisplayMessage":false,"stepsCount":0,"attachmentsCount":0,"hasContent":false},{"name":"get_firefox_options","time":{"start":1700000824749,"stop":1700000824749,"duration":0},"status":"passed","steps":[],"attachments":[],"parameters":[],"shouldDisplayMessage":false,"stepsCount":0,"attachmentsCount":0,"hasContent":false},{"name":"setup","time":{"start":1700000842165,"stop":1700000852883,"duration":10718},"status":"passed","steps":[],"attachments":[],"parameters":[],"shouldDisplayMessage":false,"stepsCount":0,"attachmentsCount":0,"hasContent":false}],"afterStages":[{"name":"setup::0","time":{"start":1700000885632,"stop":1700000886724,"duration":1092},"status":"passed","steps":[],"attachments":[{"uid":"540db37b0c157a6a","name":"Screenshot 2023-11-14 22:28:05.718124","source":"540db37b0c157a6a.png","type":"image/png","size":56370}],"parameters":[],"shouldDisplayMessage":false,"stepsCount":0,"attachmentsCount":1,"hasContent":true}],"labels":[{"name":"suite","value":"Testing Vehicles parametrize"},{"name":"tag","value":"parallel"},{"name":"tag","value":"@pytest.mark.usefixtures('setup')"},{"name":"parentSuite","value":"tests"},{"name":"subSuite","value":"TestVehicles"},{"name":"host","value":"fv-az612-514"},{"name":"thread","value":"2164-MainThread"},{"name":"framework","value":"pytest"},{"name":"language","value":"cpython3"},{"name":"package","value":"tests.test_vehicles"},{"name":"resultFormat","value":"allure2"}],"parameters":[{"name":"car_name","value":"'Pathfinder'"},{"name":"expected_price","value":"'$35,320'"}],"links":[],"hidden":false,"retry":false,"extra":{"severity":"normal","retries":[],"categories":[{"name":"Test defects","matchedStatuses":[],"flaky":false}],"history":{"statistic":{"failed":0,"broken":11,"skipped":0,"passed":0,"unknown":0,"total":11},"items":[{"uid":"f35e69843302bda4","reportUrl":"https://Uroboric.github.io/python_automation_lessons/86//#testresult/f35e69843302bda4","status":"broken","statusDetails":"selenium.common.exceptions.TimeoutException: Message: Pathfinder link","time":{"start":1699998785429,"stop":1699998821916,"duration":36487}},{"uid":"57093add992bfcf0","reportUrl":"https://Uroboric.github.io/python_automation_lessons/86//#testresult/57093add992bfcf0","status":"broken","statusDetails":"selenium.common.exceptions.TimeoutException: Message: Pathfinder link","time":{"start":1699997105968,"stop":1699997142108,"duration":36140}},{"uid":"a1bd3087b6d8917c","reportUrl":"https://Uroboric.github.io/python_automation_lessons/85//#testresult/a1bd3087b6d8917c","status":"broken","statusDetails":"selenium.common.exceptions.TimeoutException: Message: Pathfinder link","time":{"start":1699996265280,"stop":1699996286373,"duration":21093}},{"uid":"b8bcb7a1292d5023","reportUrl":"https://Uroboric.github.io/python_automation_lessons/84//#testresult/b8bcb7a1292d5023","status":"broken","statusDetails":"selenium.common.exceptions.TimeoutException: Message: Pathfinder link","time":{"start":1699995563569,"stop":1699995580434,"duration":16865}},{"uid":"3485f450b9ca663c","reportUrl":"https://Uroboric.github.io/python_automation_lessons/83//#testresult/3485f450b9ca663c","status":"broken","statusDetails":"selenium.common.exceptions.TimeoutException: Message: Pathfinder link","time":{"start":1699995167300,"stop":1699995178589,"duration":11289}},{"uid":"cdaf63f083df31c5","reportUrl":"https://Uroboric.github.io/python_automation_lessons/82//#testresult/cdaf63f083df31c5","status":"broken","statusDetails":"selenium.common.exceptions.TimeoutException: Message: Vehicles button\nStacktrace:\n#0 0x560720cabfb3 <unknown>\n#1 0x56072097f4a7 <unknown>\n#2 0x5607209c6dd6 <unknown>\n#3 0x5607209c6ec1 <unknown>\n#4 0x560720a04354 <unknown>\n#5 0x5607209e896d <unknown>\n#6 0x560720a01c02 <unknown>\n#7 0x5607209e8713 <unknown>\n#8 0x5607209bb18b <unknown>\n#9 0x5607209bbf7e <unknown>\n#10 0x560720c718d8 <unknown>\n#11 0x560720c75800 <unknown>\n#12 0x560720c7fcfc <unknown>\n#13 0x560720c76418 <unknown>\n#14 0x560720c4342f <unknown>\n#15 0x560720c9a4e8 <unknown>\n#16 0x560720c9a6b4 <unknown>\n#17 0x560720cab143 <unknown>\n#18 0x7f2453c94ac3 <unknown>","time":{"start":1699988656380,"stop":1699988666784,"duration":10404}},{"uid":"29e5722edcb28dee","reportUrl":"https://Uroboric.github.io/python_automation_lessons/81//#testresult/29e5722edcb28dee","status":"broken","statusDetails":"AttributeError: 'VehiclesNav' object has no attribute 'current_url'","time":{"start":1699988456547,"stop":1699988456548,"duration":1}},{"uid":"5d998e6e491306f2","reportUrl":"https://Uroboric.github.io/python_automation_lessons/81//#testresult/5d998e6e491306f2","status":"broken","statusDetails":"AttributeError: 'VehiclesNav' object has no attribute 'current_url'","time":{"start":1699970770760,"stop":1699970770761,"duration":1}},{"uid":"c9a478d55bea65e3","reportUrl":"https://Uroboric.github.io/python_automation_lessons/80//#testresult/c9a478d55bea65e3","status":"broken","statusDetails":"selenium.common.exceptions.SessionNotCreatedException: Message: session not created: Chrome failed to start: exited normally.\n  (session not created: DevToolsActivePort file doesn't exist)\n  (The process started from chrome location /opt/google/chrome/chrome is no longer running, so ChromeDriver is assuming that Chrome has crashed.)\nStacktrace:\n#0 0x55a522780fb3 <unknown>\n#1 0x55a5224544a7 <unknown>\n#2 0x55a522487c93 <unknown>\n#3 0x55a52248410c <unknown>\n#4 0x55a5224c6ac6 <unknown>\n#5 0x55a5224bd713 <unknown>\n#6 0x55a52249018b <unknown>\n#7 0x55a522490f7e <unknown>\n#8 0x55a5227468d8 <unknown>\n#9 0x55a52274a800 <unknown>\n#10 0x55a522754cfc <unknown>\n#11 0x55a52274b418 <unknown>\n#12 0x55a52271842f <unknown>\n#13 0x55a52276f4e8 <unknown>\n#14 0x55a52276f6b4 <unknown>\n#15 0x55a522780143 <unknown>\n#16 0x7f5fce294ac3 <unknown>","time":{"start":1699970280233,"stop":1699970280233,"duration":0}},{"uid":"3d7dd994e9f930a3","reportUrl":"https://Uroboric.github.io/python_automation_lessons/79//#testresult/3d7dd994e9f930a3","status":"broken","statusDetails":"selenium.common.exceptions.TimeoutException: Message: Vehicles button\nStacktrace:\n#0 0x5586eefb0fb3 <unknown>\n#1 0x5586eec844a7 <unknown>\n#2 0x5586eeccbdd6 <unknown>\n#3 0x5586eeccbec1 <unknown>\n#4 0x5586eed09354 <unknown>\n#5 0x5586eeced96d <unknown>\n#6 0x5586eed06c02 <unknown>\n#7 0x5586eeced713 <unknown>\n#8 0x5586eecc018b <unknown>\n#9 0x5586eecc0f7e <unknown>\n#10 0x5586eef768d8 <unknown>\n#11 0x5586eef7a800 <unknown>\n#12 0x5586eef84cfc <unknown>\n#13 0x5586eef7b418 <unknown>\n#14 0x5586eef4842f <unknown>\n#15 0x5586eef9f4e8 <unknown>\n#16 0x5586eef9f6b4 <unknown>\n#17 0x5586eefb0143 <unknown>\n#18 0x7fa6bc294ac3 <unknown>","time":{"start":1699968832693,"stop":1699968839753,"duration":7060}}]},"tags":["parallel","@pytest.mark.usefixtures('setup')"]},"source":"a7f8c7a3bbd58a74.json","parameterValues":["'Pathfinder'","'$35,320'"]}