{"uid":"6e2586e4186a3c75","name":"Asserting Vehicles prices","fullName":"tests.test_vehicles.TestVehicles#test_vehicle_price","historyId":"1903f586d484f91b09b0310d9ecb3110","time":{"start":1700001267563,"stop":1700001271858,"duration":4295},"status":"broken","statusMessage":"selenium.common.exceptions.WebDriverException: Message: Reached error page: about:neterror?e=nssFailure2&u=https%3A//www.nissanusa.com/vehicles/crossovers-suvs/rogue-sport.html&c=UTF-8&d=The%20connection%20to%20www.nissanusa.com%20was%20interrupted%20while%20the%20page%20was%20loading.\nStacktrace:\nRemoteError@chrome://remote/content/shared/RemoteError.sys.mjs:8:8\nWebDriverError@chrome://remote/content/shared/webdriver/Errors.sys.mjs:189:5\nUnknownError@chrome://remote/content/shared/webdriver/Errors.sys.mjs:768:5\ncheckReadyState@chrome://remote/content/marionette/navigate.sys.mjs:58:24\nonNavigation@chrome://remote/content/marionette/navigate.sys.mjs:324:39\nemit@resource://gre/modules/EventEmitter.sys.mjs:154:20\nreceiveMessage@chrome://remote/content/marionette/actors/MarionetteEventsParent.sys.mjs:33:25","statusTrace":"self = <tests.test_vehicles.TestVehicles object at 0x7f9126c2bf50>\ncar_name = 'Rogue Sport', expected_price = '$24,960'\n\n    @allure.title(\"Asserting Vehicles prices\")\n    @pytest.mark.parametrize('car_name, expected_price', test_data)\n    def test_vehicle_price(self, car_name, expected_price):\n        vehicles = VehiclesNav(self.driver)\n        #vehicles.get_button_to_be_clickable().click()\n        # print(f\"Current URL: {self.driver.current_url}\")\n        # vehicles.get_button_vehicles_present().click()\n        # print(f\"Current URL: {self.driver.current_url}\")\n        vehicles.get_button_vehicles_visible().click()\n>       vehicles.get_car_link(car_name).click()\n\ntests/test_vehicles.py:22: \n_ _ _ _ _ _ _ _ _ _ _ _ _ _ _ _ _ _ _ _ _ _ _ _ _ _ _ _ _ _ _ _ _ _ _ _ _ _ _ _ \n/opt/hostedtoolcache/Python/3.11.6/x64/lib/python3.11/site-packages/selenium/webdriver/remote/webelement.py:93: in click\n    self._execute(Command.CLICK_ELEMENT)\n/opt/hostedtoolcache/Python/3.11.6/x64/lib/python3.11/site-packages/selenium/webdriver/remote/webelement.py:403: in _execute\n    return self._parent.execute(command, params)\n/opt/hostedtoolcache/Python/3.11.6/x64/lib/python3.11/site-packages/selenium/webdriver/remote/webdriver.py:440: in execute\n    self.error_handler.check_response(response)\n_ _ _ _ _ _ _ _ _ _ _ _ _ _ _ _ _ _ _ _ _ _ _ _ _ _ _ _ _ _ _ _ _ _ _ _ _ _ _ _ \n\nself = <selenium.webdriver.remote.errorhandler.ErrorHandler object at 0x7f9127316990>\nresponse = {'status': 500, 'value': '{\"value\":{\"error\":\"unknown error\",\"message\":\"Reached error page: about:neterror?e=nssFailure....sys.mjs:154:20\\\\nreceiveMessage@chrome://remote/content/marionette/actors/MarionetteEventsParent.sys.mjs:33:25\\\\n\"}}'}\n\n    def check_response(self, response: Dict[str, Any]) -> None:\n        \"\"\"Checks that a JSON response from the WebDriver does not have an\n        error.\n    \n        :Args:\n         - response - The JSON response from the WebDriver server as a dictionary\n           object.\n    \n        :Raises: If the response contains an error message.\n        \"\"\"\n        status = response.get(\"status\", None)\n        if not status or status == ErrorCode.SUCCESS:\n            return\n        value = None\n        message = response.get(\"message\", \"\")\n        screen: str = response.get(\"screen\", \"\")\n        stacktrace = None\n        if isinstance(status, int):\n            value_json = response.get(\"value\", None)\n            if value_json and isinstance(value_json, str):\n                import json\n    \n                try:\n                    value = json.loads(value_json)\n                    if len(value.keys()) == 1:\n                        value = value[\"value\"]\n                    status = value.get(\"error\", None)\n                    if not status:\n                        status = value.get(\"status\", ErrorCode.UNKNOWN_ERROR)\n                        message = value.get(\"value\") or value.get(\"message\")\n                        if not isinstance(message, str):\n                            value = message\n                            message = message.get(\"message\")\n                    else:\n                        message = value.get(\"message\", None)\n                except ValueError:\n                    pass\n    \n        exception_class: Type[WebDriverException]\n        if status in ErrorCode.NO_SUCH_ELEMENT:\n            exception_class = NoSuchElementException\n        elif status in ErrorCode.NO_SUCH_FRAME:\n            exception_class = NoSuchFrameException\n        elif status in ErrorCode.NO_SUCH_SHADOW_ROOT:\n            exception_class = NoSuchShadowRootException\n        elif status in ErrorCode.NO_SUCH_WINDOW:\n            exception_class = NoSuchWindowException\n        elif status in ErrorCode.STALE_ELEMENT_REFERENCE:\n            exception_class = StaleElementReferenceException\n        elif status in ErrorCode.ELEMENT_NOT_VISIBLE:\n            exception_class = ElementNotVisibleException\n        elif status in ErrorCode.INVALID_ELEMENT_STATE:\n            exception_class = InvalidElementStateException\n        elif (\n            status in ErrorCode.INVALID_SELECTOR\n            or status in ErrorCode.INVALID_XPATH_SELECTOR\n            or status in ErrorCode.INVALID_XPATH_SELECTOR_RETURN_TYPER\n        ):\n            exception_class = InvalidSelectorException\n        elif status in ErrorCode.ELEMENT_IS_NOT_SELECTABLE:\n            exception_class = ElementNotSelectableException\n        elif status in ErrorCode.ELEMENT_NOT_INTERACTABLE:\n            exception_class = ElementNotInteractableException\n        elif status in ErrorCode.INVALID_COOKIE_DOMAIN:\n            exception_class = InvalidCookieDomainException\n        elif status in ErrorCode.UNABLE_TO_SET_COOKIE:\n            exception_class = UnableToSetCookieException\n        elif status in ErrorCode.TIMEOUT:\n            exception_class = TimeoutException\n        elif status in ErrorCode.SCRIPT_TIMEOUT:\n            exception_class = TimeoutException\n        elif status in ErrorCode.UNKNOWN_ERROR:\n            exception_class = WebDriverException\n        elif status in ErrorCode.UNEXPECTED_ALERT_OPEN:\n            exception_class = UnexpectedAlertPresentException\n        elif status in ErrorCode.NO_ALERT_OPEN:\n            exception_class = NoAlertPresentException\n        elif status in ErrorCode.IME_NOT_AVAILABLE:\n            exception_class = ImeNotAvailableException\n        elif status in ErrorCode.IME_ENGINE_ACTIVATION_FAILED:\n            exception_class = ImeActivationFailedException\n        elif status in ErrorCode.MOVE_TARGET_OUT_OF_BOUNDS:\n            exception_class = MoveTargetOutOfBoundsException\n        elif status in ErrorCode.JAVASCRIPT_ERROR:\n            exception_class = JavascriptException\n        elif status in ErrorCode.SESSION_NOT_CREATED:\n            exception_class = SessionNotCreatedException\n        elif status in ErrorCode.INVALID_ARGUMENT:\n            exception_class = InvalidArgumentException\n        elif status in ErrorCode.NO_SUCH_COOKIE:\n            exception_class = NoSuchCookieException\n        elif status in ErrorCode.UNABLE_TO_CAPTURE_SCREEN:\n            exception_class = ScreenshotException\n        elif status in ErrorCode.ELEMENT_CLICK_INTERCEPTED:\n            exception_class = ElementClickInterceptedException\n        elif status in ErrorCode.INSECURE_CERTIFICATE:\n            exception_class = InsecureCertificateException\n        elif status in ErrorCode.INVALID_COORDINATES:\n            exception_class = InvalidCoordinatesException\n        elif status in ErrorCode.INVALID_SESSION_ID:\n            exception_class = InvalidSessionIdException\n        elif status in ErrorCode.UNKNOWN_METHOD:\n            exception_class = UnknownMethodException\n        else:\n            exception_class = WebDriverException\n        if not value:\n            value = response[\"value\"]\n        if isinstance(value, str):\n            raise exception_class(value)\n        if message == \"\" and \"message\" in value:\n            message = value[\"message\"]\n    \n        screen = None  # type: ignore[assignment]\n        if \"screen\" in value:\n            screen = value[\"screen\"]\n    \n        stacktrace = None\n        st_value = value.get(\"stackTrace\") or value.get(\"stacktrace\")\n        if st_value:\n            if isinstance(st_value, str):\n                stacktrace = st_value.split(\"\\n\")\n            else:\n                stacktrace = []\n                try:\n                    for frame in st_value:\n                        line = frame.get(\"lineNumber\", \"\")\n                        file = frame.get(\"fileName\", \"<anonymous>\")\n                        if line:\n                            file = f\"{file}:{line}\"\n                        meth = frame.get(\"methodName\", \"<anonymous>\")\n                        if \"className\" in frame:\n                            meth = f\"{frame['className']}.{meth}\"\n                        msg = \"    at %s (%s)\"\n                        msg = msg % (meth, file)\n                        stacktrace.append(msg)\n                except TypeError:\n                    pass\n        if exception_class == UnexpectedAlertPresentException:\n            alert_text = None\n            if \"data\" in value:\n                alert_text = value[\"data\"].get(\"text\")\n            elif \"alert\" in value:\n                alert_text = value[\"alert\"].get(\"text\")\n            raise exception_class(message, screen, stacktrace, alert_text)  # type: ignore[call-arg]  # mypy is not smart enough here\n>       raise exception_class(message, screen, stacktrace)\nE       selenium.common.exceptions.WebDriverException: Message: Reached error page: about:neterror?e=nssFailure2&u=https%3A//www.nissanusa.com/vehicles/crossovers-suvs/rogue-sport.html&c=UTF-8&d=The%20connection%20to%20www.nissanusa.com%20was%20interrupted%20while%20the%20page%20was%20loading.\nE       Stacktrace:\nE       RemoteError@chrome://remote/content/shared/RemoteError.sys.mjs:8:8\nE       WebDriverError@chrome://remote/content/shared/webdriver/Errors.sys.mjs:189:5\nE       UnknownError@chrome://remote/content/shared/webdriver/Errors.sys.mjs:768:5\nE       checkReadyState@chrome://remote/content/marionette/navigate.sys.mjs:58:24\nE       onNavigation@chrome://remote/content/marionette/navigate.sys.mjs:324:39\nE       emit@resource://gre/modules/EventEmitter.sys.mjs:154:20\nE       receiveMessage@chrome://remote/content/marionette/actors/MarionetteEventsParent.sys.mjs:33:25\n\n/opt/hostedtoolcache/Python/3.11.6/x64/lib/python3.11/site-packages/selenium/webdriver/remote/errorhandler.py:245: WebDriverException","flaky":false,"newFailed":false,"newBroken":false,"newPassed":false,"retriesCount":0,"retriesStatusChange":false,"beforeStages":[{"name":"get_firefox_options","time":{"start":1700001262198,"stop":1700001262198,"duration":0},"status":"passed","steps":[],"attachments":[],"parameters":[],"shouldDisplayMessage":false,"stepsCount":0,"attachmentsCount":0,"hasContent":false},{"name":"get_webdriver","time":{"start":1700001262198,"stop":1700001265567,"duration":3369},"status":"passed","steps":[],"attachments":[],"parameters":[],"shouldDisplayMessage":false,"stepsCount":0,"attachmentsCount":0,"hasContent":false},{"name":"setup","time":{"start":1700001265567,"stop":1700001267561,"duration":1994},"status":"passed","steps":[],"attachments":[],"parameters":[],"shouldDisplayMessage":false,"stepsCount":0,"attachmentsCount":0,"hasContent":false}],"afterStages":[{"name":"setup::0","time":{"start":1700001271948,"stop":1700001272816,"duration":868},"status":"passed","steps":[],"attachments":[{"uid":"475ff80719c9a34c","name":"Screenshot 2023-11-14 22:34:31.985503","source":"475ff80719c9a34c.png","type":"image/png","size":56370}],"parameters":[],"shouldDisplayMessage":false,"stepsCount":0,"attachmentsCount":1,"hasContent":true}],"labels":[{"name":"suite","value":"Testing Vehicles parametrize"},{"name":"tag","value":"parallel"},{"name":"tag","value":"@pytest.mark.usefixtures('setup')"},{"name":"parentSuite","value":"tests"},{"name":"subSuite","value":"TestVehicles"},{"name":"host","value":"fv-az532-324"},{"name":"thread","value":"2422-MainThread"},{"name":"framework","value":"pytest"},{"name":"language","value":"cpython3"},{"name":"package","value":"tests.test_vehicles"},{"name":"resultFormat","value":"allure2"}],"parameters":[{"name":"car_name","value":"'Rogue Sport'"},{"name":"expected_price","value":"'$24,960'"}],"links":[],"hidden":false,"retry":false,"extra":{"severity":"normal","retries":[],"categories":[{"name":"Test defects","matchedStatuses":[],"flaky":false}],"history":{"statistic":{"failed":0,"broken":13,"skipped":0,"passed":0,"unknown":0,"total":13},"items":[{"uid":"89b7a12c524ec4f4","reportUrl":"https://Uroboric.github.io/python_automation_lessons/88//#testresult/89b7a12c524ec4f4","status":"broken","statusDetails":"selenium.common.exceptions.TimeoutException: Message: Rogue Sport link","time":{"start":1700001088529,"stop":1700001141421,"duration":52892}},{"uid":"6e73260bc20f8456","reportUrl":"https://Uroboric.github.io/python_automation_lessons/87//#testresult/6e73260bc20f8456","status":"broken","statusDetails":"selenium.common.exceptions.TimeoutException: Message: Rogue Sport link","time":{"start":1700000853718,"stop":1700000894544,"duration":40826}},{"uid":"e5b564e14f728a99","reportUrl":"https://Uroboric.github.io/python_automation_lessons/86//#testresult/e5b564e14f728a99","status":"broken","statusDetails":"selenium.common.exceptions.TimeoutException: Message: Rogue Sport link","time":{"start":1699998784230,"stop":1699998820749,"duration":36519}},{"uid":"e544ff05c8daa269","reportUrl":"https://Uroboric.github.io/python_automation_lessons/86//#testresult/e544ff05c8daa269","status":"broken","statusDetails":"selenium.common.exceptions.TimeoutException: Message: Rogue Sport link","time":{"start":1699997106518,"stop":1699997144639,"duration":38121}},{"uid":"289b85a37722e1e6","reportUrl":"https://Uroboric.github.io/python_automation_lessons/85//#testresult/289b85a37722e1e6","status":"broken","statusDetails":"selenium.common.exceptions.TimeoutException: Message: Rogue Sport link","time":{"start":1699996266035,"stop":1699996285210,"duration":19175}},{"uid":"686f4eb74bad2842","reportUrl":"https://Uroboric.github.io/python_automation_lessons/84//#testresult/686f4eb74bad2842","status":"broken","statusDetails":"selenium.common.exceptions.WebDriverException: Message: Reached error page: about:neterror?e=nssFailure2&u=https%3A//www.nissanusa.com/vehicles/crossovers-suvs/rogue-sport.html&c=UTF-8&d=The%20connection%20to%20www.nissanusa.com%20was%20interrupted%20while%20the%20page%20was%20loading.\nStacktrace:\nRemoteError@chrome://remote/content/shared/RemoteError.sys.mjs:8:8\nWebDriverError@chrome://remote/content/shared/webdriver/Errors.sys.mjs:189:5\nUnknownError@chrome://remote/content/shared/webdriver/Errors.sys.mjs:768:5\ncheckReadyState@chrome://remote/content/marionette/navigate.sys.mjs:58:24\nonNavigation@chrome://remote/content/marionette/navigate.sys.mjs:324:39\nemit@resource://gre/modules/EventEmitter.sys.mjs:154:20\nreceiveMessage@chrome://remote/content/marionette/actors/MarionetteEventsParent.sys.mjs:33:25","time":{"start":1699995562912,"stop":1699995577227,"duration":14315}},{"uid":"be9a616fb538a67c","reportUrl":"https://Uroboric.github.io/python_automation_lessons/83//#testresult/be9a616fb538a67c","status":"broken","statusDetails":"selenium.common.exceptions.WebDriverException: Message: Reached error page: about:neterror?e=nssFailure2&u=https%3A//www.nissanusa.com/vehicles/crossovers-suvs/rogue-sport.html&c=UTF-8&d=The%20connection%20to%20www.nissanusa.com%20was%20interrupted%20while%20the%20page%20was%20loading.\nStacktrace:\nRemoteError@chrome://remote/content/shared/RemoteError.sys.mjs:8:8\nWebDriverError@chrome://remote/content/shared/webdriver/Errors.sys.mjs:189:5\nUnknownError@chrome://remote/content/shared/webdriver/Errors.sys.mjs:768:5\ncheckReadyState@chrome://remote/content/marionette/navigate.sys.mjs:58:24\nonNavigation@chrome://remote/content/marionette/navigate.sys.mjs:324:39\nemit@resource://gre/modules/EventEmitter.sys.mjs:154:20\nreceiveMessage@chrome://remote/content/marionette/actors/MarionetteEventsParent.sys.mjs:33:25","time":{"start":1699995165658,"stop":1699995183271,"duration":17613}},{"uid":"2712ebf317759888","reportUrl":"https://Uroboric.github.io/python_automation_lessons/82//#testresult/2712ebf317759888","status":"broken","statusDetails":"selenium.common.exceptions.TimeoutException: Message: Vehicles button\nStacktrace:\n#0 0x564f6cf16fb3 <unknown>\n#1 0x564f6cbea4a7 <unknown>\n#2 0x564f6cc31dd6 <unknown>\n#3 0x564f6cc31ec1 <unknown>\n#4 0x564f6cc6f354 <unknown>\n#5 0x564f6cc5396d <unknown>\n#6 0x564f6cc6cc02 <unknown>\n#7 0x564f6cc53713 <unknown>\n#8 0x564f6cc2618b <unknown>\n#9 0x564f6cc26f7e <unknown>\n#10 0x564f6cedc8d8 <unknown>\n#11 0x564f6cee0800 <unknown>\n#12 0x564f6ceeacfc <unknown>\n#13 0x564f6cee1418 <unknown>\n#14 0x564f6ceae42f <unknown>\n#15 0x564f6cf054e8 <unknown>\n#16 0x564f6cf056b4 <unknown>\n#17 0x564f6cf16143 <unknown>\n#18 0x7fa295294ac3 <unknown>","time":{"start":1699988656425,"stop":1699988666932,"duration":10507}},{"uid":"2007ad48ee7b84d7","reportUrl":"https://Uroboric.github.io/python_automation_lessons/81//#testresult/2007ad48ee7b84d7","status":"broken","statusDetails":"AttributeError: 'VehiclesNav' object has no attribute 'current_url'","time":{"start":1699988456484,"stop":1699988456485,"duration":1}},{"uid":"8fec3222e3284171","reportUrl":"https://Uroboric.github.io/python_automation_lessons/81//#testresult/8fec3222e3284171","status":"broken","statusDetails":"AttributeError: 'VehiclesNav' object has no attribute 'current_url'","time":{"start":1699970770733,"stop":1699970770733,"duration":0}},{"uid":"f9cee97043d22eac","reportUrl":"https://Uroboric.github.io/python_automation_lessons/80//#testresult/f9cee97043d22eac","status":"broken","statusDetails":"selenium.common.exceptions.SessionNotCreatedException: Message: session not created: Chrome failed to start: exited normally.\n  (session not created: DevToolsActivePort file doesn't exist)\n  (The process started from chrome location /opt/google/chrome/chrome is no longer running, so ChromeDriver is assuming that Chrome has crashed.)\nStacktrace:\n#0 0x55c83985afb3 <unknown>\n#1 0x55c83952e4a7 <unknown>\n#2 0x55c839561c93 <unknown>\n#3 0x55c83955e10c <unknown>\n#4 0x55c8395a0ac6 <unknown>\n#5 0x55c839597713 <unknown>\n#6 0x55c83956a18b <unknown>\n#7 0x55c83956af7e <unknown>\n#8 0x55c8398208d8 <unknown>\n#9 0x55c839824800 <unknown>\n#10 0x55c83982ecfc <unknown>\n#11 0x55c839825418 <unknown>\n#12 0x55c8397f242f <unknown>\n#13 0x55c8398494e8 <unknown>\n#14 0x55c8398496b4 <unknown>\n#15 0x55c83985a143 <unknown>\n#16 0x7ff458c94ac3 <unknown>","time":{"start":1699970280225,"stop":1699970280225,"duration":0}},{"uid":"3d47170fc0695458","reportUrl":"https://Uroboric.github.io/python_automation_lessons/79//#testresult/3d47170fc0695458","status":"broken","statusDetails":"selenium.common.exceptions.TimeoutException: Message: Vehicles button\nStacktrace:\n#0 0x55d940dc9fb3 <unknown>\n#1 0x55d940a9d4a7 <unknown>\n#2 0x55d940ae4dd6 <unknown>\n#3 0x55d940ae4ec1 <unknown>\n#4 0x55d940b22354 <unknown>\n#5 0x55d940b0696d <unknown>\n#6 0x55d940b1fc02 <unknown>\n#7 0x55d940b06713 <unknown>\n#8 0x55d940ad918b <unknown>\n#9 0x55d940ad9f7e <unknown>\n#10 0x55d940d8f8d8 <unknown>\n#11 0x55d940d93800 <unknown>\n#12 0x55d940d9dcfc <unknown>\n#13 0x55d940d94418 <unknown>\n#14 0x55d940d6142f <unknown>\n#15 0x55d940db84e8 <unknown>\n#16 0x55d940db86b4 <unknown>\n#17 0x55d940dc9143 <unknown>\n#18 0x7f7a2a894ac3 <unknown>","time":{"start":1699968832687,"stop":1699968839731,"duration":7044}}]},"tags":["parallel","@pytest.mark.usefixtures('setup')"]},"source":"6e2586e4186a3c75.json","parameterValues":["'Rogue Sport'","'$24,960'"]}