{"uid":"9accc2bee095dbf4","name":"Asserting Vehicles prices","fullName":"tests.test_vehicles.TestVehicles#test_vehicle_price","historyId":"90b6ff8b823d54f5baa30050b5e1c940","time":{"start":1700001267568,"stop":1700001272140,"duration":4572},"status":"broken","statusMessage":"selenium.common.exceptions.WebDriverException: Message: Reached error page: about:neterror?e=nssFailure2&u=https%3A//www.nissanusa.com/vehicles/electric-cars/ariya.html&c=UTF-8&d=The%20connection%20to%20www.nissanusa.com%20was%20interrupted%20while%20the%20page%20was%20loading.\nStacktrace:\nRemoteError@chrome://remote/content/shared/RemoteError.sys.mjs:8:8\nWebDriverError@chrome://remote/content/shared/webdriver/Errors.sys.mjs:189:5\nUnknownError@chrome://remote/content/shared/webdriver/Errors.sys.mjs:768:5\ncheckReadyState@chrome://remote/content/marionette/navigate.sys.mjs:58:24\nonNavigation@chrome://remote/content/marionette/navigate.sys.mjs:324:39\nemit@resource://gre/modules/EventEmitter.sys.mjs:154:20\nreceiveMessage@chrome://remote/content/marionette/actors/MarionetteEventsParent.sys.mjs:33:25","statusTrace":"self = <tests.test_vehicles.TestVehicles object at 0x7f55a5644650>\ncar_name = 'Ariya', expected_price = '$43,190'\n\n    @allure.title(\"Asserting Vehicles prices\")\n    @pytest.mark.parametrize('car_name, expected_price', test_data)\n    def test_vehicle_price(self, car_name, expected_price):\n        vehicles = VehiclesNav(self.driver)\n        #vehicles.get_button_to_be_clickable().click()\n        # print(f\"Current URL: {self.driver.current_url}\")\n        # vehicles.get_button_vehicles_present().click()\n        # print(f\"Current URL: {self.driver.current_url}\")\n        vehicles.get_button_vehicles_visible().click()\n>       vehicles.get_car_link(car_name).click()\n\ntests/test_vehicles.py:22: \n_ _ _ _ _ _ _ _ _ _ _ _ _ _ _ _ _ _ _ _ _ _ _ _ _ _ _ _ _ _ _ _ _ _ _ _ _ _ _ _ \n/opt/hostedtoolcache/Python/3.11.6/x64/lib/python3.11/site-packages/selenium/webdriver/remote/webelement.py:93: in click\n    self._execute(Command.CLICK_ELEMENT)\n/opt/hostedtoolcache/Python/3.11.6/x64/lib/python3.11/site-packages/selenium/webdriver/remote/webelement.py:403: in _execute\n    return self._parent.execute(command, params)\n/opt/hostedtoolcache/Python/3.11.6/x64/lib/python3.11/site-packages/selenium/webdriver/remote/webdriver.py:440: in execute\n    self.error_handler.check_response(response)\n_ _ _ _ _ _ _ _ _ _ _ _ _ _ _ _ _ _ _ _ _ _ _ _ _ _ _ _ _ _ _ _ _ _ _ _ _ _ _ _ \n\nself = <selenium.webdriver.remote.errorhandler.ErrorHandler object at 0x7f55a5614290>\nresponse = {'status': 500, 'value': '{\"value\":{\"error\":\"unknown error\",\"message\":\"Reached error page: about:neterror?e=nssFailure....sys.mjs:154:20\\\\nreceiveMessage@chrome://remote/content/marionette/actors/MarionetteEventsParent.sys.mjs:33:25\\\\n\"}}'}\n\n    def check_response(self, response: Dict[str, Any]) -> None:\n        \"\"\"Checks that a JSON response from the WebDriver does not have an\n        error.\n    \n        :Args:\n         - response - The JSON response from the WebDriver server as a dictionary\n           object.\n    \n        :Raises: If the response contains an error message.\n        \"\"\"\n        status = response.get(\"status\", None)\n        if not status or status == ErrorCode.SUCCESS:\n            return\n        value = None\n        message = response.get(\"message\", \"\")\n        screen: str = response.get(\"screen\", \"\")\n        stacktrace = None\n        if isinstance(status, int):\n            value_json = response.get(\"value\", None)\n            if value_json and isinstance(value_json, str):\n                import json\n    \n                try:\n                    value = json.loads(value_json)\n                    if len(value.keys()) == 1:\n                        value = value[\"value\"]\n                    status = value.get(\"error\", None)\n                    if not status:\n                        status = value.get(\"status\", ErrorCode.UNKNOWN_ERROR)\n                        message = value.get(\"value\") or value.get(\"message\")\n                        if not isinstance(message, str):\n                            value = message\n                            message = message.get(\"message\")\n                    else:\n                        message = value.get(\"message\", None)\n                except ValueError:\n                    pass\n    \n        exception_class: Type[WebDriverException]\n        if status in ErrorCode.NO_SUCH_ELEMENT:\n            exception_class = NoSuchElementException\n        elif status in ErrorCode.NO_SUCH_FRAME:\n            exception_class = NoSuchFrameException\n        elif status in ErrorCode.NO_SUCH_SHADOW_ROOT:\n            exception_class = NoSuchShadowRootException\n        elif status in ErrorCode.NO_SUCH_WINDOW:\n            exception_class = NoSuchWindowException\n        elif status in ErrorCode.STALE_ELEMENT_REFERENCE:\n            exception_class = StaleElementReferenceException\n        elif status in ErrorCode.ELEMENT_NOT_VISIBLE:\n            exception_class = ElementNotVisibleException\n        elif status in ErrorCode.INVALID_ELEMENT_STATE:\n            exception_class = InvalidElementStateException\n        elif (\n            status in ErrorCode.INVALID_SELECTOR\n            or status in ErrorCode.INVALID_XPATH_SELECTOR\n            or status in ErrorCode.INVALID_XPATH_SELECTOR_RETURN_TYPER\n        ):\n            exception_class = InvalidSelectorException\n        elif status in ErrorCode.ELEMENT_IS_NOT_SELECTABLE:\n            exception_class = ElementNotSelectableException\n        elif status in ErrorCode.ELEMENT_NOT_INTERACTABLE:\n            exception_class = ElementNotInteractableException\n        elif status in ErrorCode.INVALID_COOKIE_DOMAIN:\n            exception_class = InvalidCookieDomainException\n        elif status in ErrorCode.UNABLE_TO_SET_COOKIE:\n            exception_class = UnableToSetCookieException\n        elif status in ErrorCode.TIMEOUT:\n            exception_class = TimeoutException\n        elif status in ErrorCode.SCRIPT_TIMEOUT:\n            exception_class = TimeoutException\n        elif status in ErrorCode.UNKNOWN_ERROR:\n            exception_class = WebDriverException\n        elif status in ErrorCode.UNEXPECTED_ALERT_OPEN:\n            exception_class = UnexpectedAlertPresentException\n        elif status in ErrorCode.NO_ALERT_OPEN:\n            exception_class = NoAlertPresentException\n        elif status in ErrorCode.IME_NOT_AVAILABLE:\n            exception_class = ImeNotAvailableException\n        elif status in ErrorCode.IME_ENGINE_ACTIVATION_FAILED:\n            exception_class = ImeActivationFailedException\n        elif status in ErrorCode.MOVE_TARGET_OUT_OF_BOUNDS:\n            exception_class = MoveTargetOutOfBoundsException\n        elif status in ErrorCode.JAVASCRIPT_ERROR:\n            exception_class = JavascriptException\n        elif status in ErrorCode.SESSION_NOT_CREATED:\n            exception_class = SessionNotCreatedException\n        elif status in ErrorCode.INVALID_ARGUMENT:\n            exception_class = InvalidArgumentException\n        elif status in ErrorCode.NO_SUCH_COOKIE:\n            exception_class = NoSuchCookieException\n        elif status in ErrorCode.UNABLE_TO_CAPTURE_SCREEN:\n            exception_class = ScreenshotException\n        elif status in ErrorCode.ELEMENT_CLICK_INTERCEPTED:\n            exception_class = ElementClickInterceptedException\n        elif status in ErrorCode.INSECURE_CERTIFICATE:\n            exception_class = InsecureCertificateException\n        elif status in ErrorCode.INVALID_COORDINATES:\n            exception_class = InvalidCoordinatesException\n        elif status in ErrorCode.INVALID_SESSION_ID:\n            exception_class = InvalidSessionIdException\n        elif status in ErrorCode.UNKNOWN_METHOD:\n            exception_class = UnknownMethodException\n        else:\n            exception_class = WebDriverException\n        if not value:\n            value = response[\"value\"]\n        if isinstance(value, str):\n            raise exception_class(value)\n        if message == \"\" and \"message\" in value:\n            message = value[\"message\"]\n    \n        screen = None  # type: ignore[assignment]\n        if \"screen\" in value:\n            screen = value[\"screen\"]\n    \n        stacktrace = None\n        st_value = value.get(\"stackTrace\") or value.get(\"stacktrace\")\n        if st_value:\n            if isinstance(st_value, str):\n                stacktrace = st_value.split(\"\\n\")\n            else:\n                stacktrace = []\n                try:\n                    for frame in st_value:\n                        line = frame.get(\"lineNumber\", \"\")\n                        file = frame.get(\"fileName\", \"<anonymous>\")\n                        if line:\n                            file = f\"{file}:{line}\"\n                        meth = frame.get(\"methodName\", \"<anonymous>\")\n                        if \"className\" in frame:\n                            meth = f\"{frame['className']}.{meth}\"\n                        msg = \"    at %s (%s)\"\n                        msg = msg % (meth, file)\n                        stacktrace.append(msg)\n                except TypeError:\n                    pass\n        if exception_class == UnexpectedAlertPresentException:\n            alert_text = None\n            if \"data\" in value:\n                alert_text = value[\"data\"].get(\"text\")\n            elif \"alert\" in value:\n                alert_text = value[\"alert\"].get(\"text\")\n            raise exception_class(message, screen, stacktrace, alert_text)  # type: ignore[call-arg]  # mypy is not smart enough here\n>       raise exception_class(message, screen, stacktrace)\nE       selenium.common.exceptions.WebDriverException: Message: Reached error page: about:neterror?e=nssFailure2&u=https%3A//www.nissanusa.com/vehicles/electric-cars/ariya.html&c=UTF-8&d=The%20connection%20to%20www.nissanusa.com%20was%20interrupted%20while%20the%20page%20was%20loading.\nE       Stacktrace:\nE       RemoteError@chrome://remote/content/shared/RemoteError.sys.mjs:8:8\nE       WebDriverError@chrome://remote/content/shared/webdriver/Errors.sys.mjs:189:5\nE       UnknownError@chrome://remote/content/shared/webdriver/Errors.sys.mjs:768:5\nE       checkReadyState@chrome://remote/content/marionette/navigate.sys.mjs:58:24\nE       onNavigation@chrome://remote/content/marionette/navigate.sys.mjs:324:39\nE       emit@resource://gre/modules/EventEmitter.sys.mjs:154:20\nE       receiveMessage@chrome://remote/content/marionette/actors/MarionetteEventsParent.sys.mjs:33:25\n\n/opt/hostedtoolcache/Python/3.11.6/x64/lib/python3.11/site-packages/selenium/webdriver/remote/errorhandler.py:245: WebDriverException","flaky":false,"newFailed":false,"newBroken":false,"newPassed":false,"retriesCount":0,"retriesStatusChange":false,"beforeStages":[{"name":"get_firefox_options","time":{"start":1700001262198,"stop":1700001262198,"duration":0},"status":"passed","steps":[],"attachments":[],"parameters":[],"shouldDisplayMessage":false,"stepsCount":0,"attachmentsCount":0,"hasContent":false},{"name":"get_webdriver","time":{"start":1700001262199,"stop":1700001265663,"duration":3464},"status":"passed","steps":[],"attachments":[],"parameters":[],"shouldDisplayMessage":false,"stepsCount":0,"attachmentsCount":0,"hasContent":false},{"name":"setup","time":{"start":1700001265664,"stop":1700001267567,"duration":1903},"status":"passed","steps":[],"attachments":[],"parameters":[],"shouldDisplayMessage":false,"stepsCount":0,"attachmentsCount":0,"hasContent":false}],"afterStages":[{"name":"setup::0","time":{"start":1700001272210,"stop":1700001273866,"duration":1656},"status":"passed","steps":[],"attachments":[{"uid":"ca02002004a70431","name":"Screenshot 2023-11-14 22:34:32.232337","source":"ca02002004a70431.png","type":"image/png","size":56370}],"parameters":[],"shouldDisplayMessage":false,"stepsCount":0,"attachmentsCount":1,"hasContent":true}],"labels":[{"name":"suite","value":"Testing Vehicles parametrize"},{"name":"tag","value":"parallel"},{"name":"tag","value":"@pytest.mark.usefixtures('setup')"},{"name":"parentSuite","value":"tests"},{"name":"subSuite","value":"TestVehicles"},{"name":"host","value":"fv-az532-324"},{"name":"thread","value":"2419-MainThread"},{"name":"framework","value":"pytest"},{"name":"language","value":"cpython3"},{"name":"package","value":"tests.test_vehicles"},{"name":"resultFormat","value":"allure2"}],"parameters":[{"name":"car_name","value":"'Ariya'"},{"name":"expected_price","value":"'$43,190'"}],"links":[],"hidden":false,"retry":false,"extra":{"severity":"normal","retries":[],"categories":[{"name":"Test defects","matchedStatuses":[],"flaky":false}],"history":{"statistic":{"failed":0,"broken":13,"skipped":0,"passed":0,"unknown":0,"total":13},"items":[{"uid":"50ce5db940be8bad","reportUrl":"https://Uroboric.github.io/python_automation_lessons/88//#testresult/50ce5db940be8bad","status":"broken","statusDetails":"selenium.common.exceptions.TimeoutException: Message: Ariya link","time":{"start":1700001087074,"stop":1700001141421,"duration":54347}},{"uid":"7d4d190beaa3bbc0","reportUrl":"https://Uroboric.github.io/python_automation_lessons/87//#testresult/7d4d190beaa3bbc0","status":"broken","statusDetails":"selenium.common.exceptions.TimeoutException: Message: Ariya link","time":{"start":1700000851475,"stop":1700000893530,"duration":42055}},{"uid":"bf7a3796f181fa73","reportUrl":"https://Uroboric.github.io/python_automation_lessons/86//#testresult/bf7a3796f181fa73","status":"broken","statusDetails":"selenium.common.exceptions.TimeoutException: Message: Ariya link","time":{"start":1699998785397,"stop":1699998822003,"duration":36606}},{"uid":"da3b1b6bce231e82","reportUrl":"https://Uroboric.github.io/python_automation_lessons/86//#testresult/da3b1b6bce231e82","status":"broken","statusDetails":"selenium.common.exceptions.TimeoutException: Message: Ariya link","time":{"start":1699997105971,"stop":1699997141876,"duration":35905}},{"uid":"5edec02aa6fa53d3","reportUrl":"https://Uroboric.github.io/python_automation_lessons/85//#testresult/5edec02aa6fa53d3","status":"broken","statusDetails":"selenium.common.exceptions.TimeoutException: Message: Ariya link","time":{"start":1699996265517,"stop":1699996287057,"duration":21540}},{"uid":"4509240a963dffec","reportUrl":"https://Uroboric.github.io/python_automation_lessons/84//#testresult/4509240a963dffec","status":"broken","statusDetails":"selenium.common.exceptions.TimeoutException: Message: Ariya link","time":{"start":1699995561824,"stop":1699995583384,"duration":21560}},{"uid":"7f8cfb3abc61a9c5","reportUrl":"https://Uroboric.github.io/python_automation_lessons/83//#testresult/7f8cfb3abc61a9c5","status":"broken","statusDetails":"selenium.common.exceptions.TimeoutException: Message: Ariya link","time":{"start":1699995165675,"stop":1699995179083,"duration":13408}},{"uid":"47f6de0c5fc93e81","reportUrl":"https://Uroboric.github.io/python_automation_lessons/82//#testresult/47f6de0c5fc93e81","status":"broken","statusDetails":"selenium.common.exceptions.TimeoutException: Message: Vehicles button\nStacktrace:\n#0 0x559ff28e3fb3 <unknown>\n#1 0x559ff25b74a7 <unknown>\n#2 0x559ff25fedd6 <unknown>\n#3 0x559ff25feec1 <unknown>\n#4 0x559ff263c354 <unknown>\n#5 0x559ff262096d <unknown>\n#6 0x559ff2639c02 <unknown>\n#7 0x559ff2620713 <unknown>\n#8 0x559ff25f318b <unknown>\n#9 0x559ff25f3f7e <unknown>\n#10 0x559ff28a98d8 <unknown>\n#11 0x559ff28ad800 <unknown>\n#12 0x559ff28b7cfc <unknown>\n#13 0x559ff28ae418 <unknown>\n#14 0x559ff287b42f <unknown>\n#15 0x559ff28d24e8 <unknown>\n#16 0x559ff28d26b4 <unknown>\n#17 0x559ff28e3143 <unknown>\n#18 0x7fad38694ac3 <unknown>","time":{"start":1699988656393,"stop":1699988666853,"duration":10460}},{"uid":"a149e8cf743cf0ed","reportUrl":"https://Uroboric.github.io/python_automation_lessons/81//#testresult/a149e8cf743cf0ed","status":"broken","statusDetails":"AttributeError: 'VehiclesNav' object has no attribute 'current_url'","time":{"start":1699988456513,"stop":1699988456513,"duration":0}},{"uid":"4d9530d71e7ac053","reportUrl":"https://Uroboric.github.io/python_automation_lessons/81//#testresult/4d9530d71e7ac053","status":"broken","statusDetails":"AttributeError: 'VehiclesNav' object has no attribute 'current_url'","time":{"start":1699970770746,"stop":1699970770746,"duration":0}},{"uid":"4922ae7427108d69","reportUrl":"https://Uroboric.github.io/python_automation_lessons/80//#testresult/4922ae7427108d69","status":"broken","statusDetails":"selenium.common.exceptions.SessionNotCreatedException: Message: session not created: Chrome failed to start: exited normally.\n  (session not created: DevToolsActivePort file doesn't exist)\n  (The process started from chrome location /opt/google/chrome/chrome is no longer running, so ChromeDriver is assuming that Chrome has crashed.)\nStacktrace:\n#0 0x55a89c643fb3 <unknown>\n#1 0x55a89c3174a7 <unknown>\n#2 0x55a89c34ac93 <unknown>\n#3 0x55a89c34710c <unknown>\n#4 0x55a89c389ac6 <unknown>\n#5 0x55a89c380713 <unknown>\n#6 0x55a89c35318b <unknown>\n#7 0x55a89c353f7e <unknown>\n#8 0x55a89c6098d8 <unknown>\n#9 0x55a89c60d800 <unknown>\n#10 0x55a89c617cfc <unknown>\n#11 0x55a89c60e418 <unknown>\n#12 0x55a89c5db42f <unknown>\n#13 0x55a89c6324e8 <unknown>\n#14 0x55a89c6326b4 <unknown>\n#15 0x55a89c643143 <unknown>\n#16 0x7f9a51494ac3 <unknown>","time":{"start":1699970280223,"stop":1699970280223,"duration":0}},{"uid":"64d5d71970689510","reportUrl":"https://Uroboric.github.io/python_automation_lessons/79//#testresult/64d5d71970689510","status":"broken","statusDetails":"selenium.common.exceptions.TimeoutException: Message: Vehicles button\nStacktrace:\n#0 0x55b86dd8efb3 <unknown>\n#1 0x55b86da624a7 <unknown>\n#2 0x55b86daa9dd6 <unknown>\n#3 0x55b86daa9ec1 <unknown>\n#4 0x55b86dae7354 <unknown>\n#5 0x55b86dacb96d <unknown>\n#6 0x55b86dae4c02 <unknown>\n#7 0x55b86dacb713 <unknown>\n#8 0x55b86da9e18b <unknown>\n#9 0x55b86da9ef7e <unknown>\n#10 0x55b86dd548d8 <unknown>\n#11 0x55b86dd58800 <unknown>\n#12 0x55b86dd62cfc <unknown>\n#13 0x55b86dd59418 <unknown>\n#14 0x55b86dd2642f <unknown>\n#15 0x55b86dd7d4e8 <unknown>\n#16 0x55b86dd7d6b4 <unknown>\n#17 0x55b86dd8e143 <unknown>\n#18 0x7f65e8494ac3 <unknown>","time":{"start":1699968832780,"stop":1699968839864,"duration":7084}}]},"tags":["parallel","@pytest.mark.usefixtures('setup')"]},"source":"9accc2bee095dbf4.json","parameterValues":["'Ariya'","'$43,190'"]}