{"uid":"ec082af95bb6cdb","name":"Asserting Vehicles prices","fullName":"tests.test_vehicles.TestVehicles#test_vehicle_price","historyId":"edb6e8ce052156e6fb2485f34b70ee73","time":{"start":1700001334812,"stop":1700001336221,"duration":1409},"status":"broken","statusMessage":"selenium.common.exceptions.WebDriverException: Message: Reached error page: about:neterror?e=nssFailure2&u=https%3A//www.nissanusa.com/vehicles/crossovers-suvs/kicks.html&c=UTF-8&d=The%20connection%20to%20www.nissanusa.com%20was%20interrupted%20while%20the%20page%20was%20loading.\nStacktrace:\nRemoteError@chrome://remote/content/shared/RemoteError.sys.mjs:8:8\nWebDriverError@chrome://remote/content/shared/webdriver/Errors.sys.mjs:189:5\nUnknownError@chrome://remote/content/shared/webdriver/Errors.sys.mjs:768:5\ncheckReadyState@chrome://remote/content/marionette/navigate.sys.mjs:58:24\nonNavigation@chrome://remote/content/marionette/navigate.sys.mjs:324:39\nemit@resource://gre/modules/EventEmitter.sys.mjs:154:20\nreceiveMessage@chrome://remote/content/marionette/actors/MarionetteEventsParent.sys.mjs:33:25","statusTrace":"self = <tests.test_vehicles.TestVehicles object at 0x7f55a5644610>\ncar_name = 'Kicks', expected_price = '$20,440'\n\n    @allure.title(\"Asserting Vehicles prices\")\n    @pytest.mark.parametrize('car_name, expected_price', test_data)\n    def test_vehicle_price(self, car_name, expected_price):\n        vehicles = VehiclesNav(self.driver)\n        #vehicles.get_button_to_be_clickable().click()\n        # print(f\"Current URL: {self.driver.current_url}\")\n        # vehicles.get_button_vehicles_present().click()\n        # print(f\"Current URL: {self.driver.current_url}\")\n        vehicles.get_button_vehicles_visible().click()\n>       vehicles.get_car_link(car_name).click()\n\ntests/test_vehicles.py:22: \n_ _ _ _ _ _ _ _ _ _ _ _ _ _ _ _ _ _ _ _ _ _ _ _ _ _ _ _ _ _ _ _ _ _ _ _ _ _ _ _ \n/opt/hostedtoolcache/Python/3.11.6/x64/lib/python3.11/site-packages/selenium/webdriver/remote/webelement.py:93: in click\n    self._execute(Command.CLICK_ELEMENT)\n/opt/hostedtoolcache/Python/3.11.6/x64/lib/python3.11/site-packages/selenium/webdriver/remote/webelement.py:403: in _execute\n    return self._parent.execute(command, params)\n/opt/hostedtoolcache/Python/3.11.6/x64/lib/python3.11/site-packages/selenium/webdriver/remote/webdriver.py:440: in execute\n    self.error_handler.check_response(response)\n_ _ _ _ _ _ _ _ _ _ _ _ _ _ _ _ _ _ _ _ _ _ _ _ _ _ _ _ _ _ _ _ _ _ _ _ _ _ _ _ \n\nself = <selenium.webdriver.remote.errorhandler.ErrorHandler object at 0x7f55a5545210>\nresponse = {'status': 500, 'value': '{\"value\":{\"error\":\"unknown error\",\"message\":\"Reached error page: about:neterror?e=nssFailure....sys.mjs:154:20\\\\nreceiveMessage@chrome://remote/content/marionette/actors/MarionetteEventsParent.sys.mjs:33:25\\\\n\"}}'}\n\n    def check_response(self, response: Dict[str, Any]) -> None:\n        \"\"\"Checks that a JSON response from the WebDriver does not have an\n        error.\n    \n        :Args:\n         - response - The JSON response from the WebDriver server as a dictionary\n           object.\n    \n        :Raises: If the response contains an error message.\n        \"\"\"\n        status = response.get(\"status\", None)\n        if not status or status == ErrorCode.SUCCESS:\n            return\n        value = None\n        message = response.get(\"message\", \"\")\n        screen: str = response.get(\"screen\", \"\")\n        stacktrace = None\n        if isinstance(status, int):\n            value_json = response.get(\"value\", None)\n            if value_json and isinstance(value_json, str):\n                import json\n    \n                try:\n                    value = json.loads(value_json)\n                    if len(value.keys()) == 1:\n                        value = value[\"value\"]\n                    status = value.get(\"error\", None)\n                    if not status:\n                        status = value.get(\"status\", ErrorCode.UNKNOWN_ERROR)\n                        message = value.get(\"value\") or value.get(\"message\")\n                        if not isinstance(message, str):\n                            value = message\n                            message = message.get(\"message\")\n                    else:\n                        message = value.get(\"message\", None)\n                except ValueError:\n                    pass\n    \n        exception_class: Type[WebDriverException]\n        if status in ErrorCode.NO_SUCH_ELEMENT:\n            exception_class = NoSuchElementException\n        elif status in ErrorCode.NO_SUCH_FRAME:\n            exception_class = NoSuchFrameException\n        elif status in ErrorCode.NO_SUCH_SHADOW_ROOT:\n            exception_class = NoSuchShadowRootException\n        elif status in ErrorCode.NO_SUCH_WINDOW:\n            exception_class = NoSuchWindowException\n        elif status in ErrorCode.STALE_ELEMENT_REFERENCE:\n            exception_class = StaleElementReferenceException\n        elif status in ErrorCode.ELEMENT_NOT_VISIBLE:\n            exception_class = ElementNotVisibleException\n        elif status in ErrorCode.INVALID_ELEMENT_STATE:\n            exception_class = InvalidElementStateException\n        elif (\n            status in ErrorCode.INVALID_SELECTOR\n            or status in ErrorCode.INVALID_XPATH_SELECTOR\n            or status in ErrorCode.INVALID_XPATH_SELECTOR_RETURN_TYPER\n        ):\n            exception_class = InvalidSelectorException\n        elif status in ErrorCode.ELEMENT_IS_NOT_SELECTABLE:\n            exception_class = ElementNotSelectableException\n        elif status in ErrorCode.ELEMENT_NOT_INTERACTABLE:\n            exception_class = ElementNotInteractableException\n        elif status in ErrorCode.INVALID_COOKIE_DOMAIN:\n            exception_class = InvalidCookieDomainException\n        elif status in ErrorCode.UNABLE_TO_SET_COOKIE:\n            exception_class = UnableToSetCookieException\n        elif status in ErrorCode.TIMEOUT:\n            exception_class = TimeoutException\n        elif status in ErrorCode.SCRIPT_TIMEOUT:\n            exception_class = TimeoutException\n        elif status in ErrorCode.UNKNOWN_ERROR:\n            exception_class = WebDriverException\n        elif status in ErrorCode.UNEXPECTED_ALERT_OPEN:\n            exception_class = UnexpectedAlertPresentException\n        elif status in ErrorCode.NO_ALERT_OPEN:\n            exception_class = NoAlertPresentException\n        elif status in ErrorCode.IME_NOT_AVAILABLE:\n            exception_class = ImeNotAvailableException\n        elif status in ErrorCode.IME_ENGINE_ACTIVATION_FAILED:\n            exception_class = ImeActivationFailedException\n        elif status in ErrorCode.MOVE_TARGET_OUT_OF_BOUNDS:\n            exception_class = MoveTargetOutOfBoundsException\n        elif status in ErrorCode.JAVASCRIPT_ERROR:\n            exception_class = JavascriptException\n        elif status in ErrorCode.SESSION_NOT_CREATED:\n            exception_class = SessionNotCreatedException\n        elif status in ErrorCode.INVALID_ARGUMENT:\n            exception_class = InvalidArgumentException\n        elif status in ErrorCode.NO_SUCH_COOKIE:\n            exception_class = NoSuchCookieException\n        elif status in ErrorCode.UNABLE_TO_CAPTURE_SCREEN:\n            exception_class = ScreenshotException\n        elif status in ErrorCode.ELEMENT_CLICK_INTERCEPTED:\n            exception_class = ElementClickInterceptedException\n        elif status in ErrorCode.INSECURE_CERTIFICATE:\n            exception_class = InsecureCertificateException\n        elif status in ErrorCode.INVALID_COORDINATES:\n            exception_class = InvalidCoordinatesException\n        elif status in ErrorCode.INVALID_SESSION_ID:\n            exception_class = InvalidSessionIdException\n        elif status in ErrorCode.UNKNOWN_METHOD:\n            exception_class = UnknownMethodException\n        else:\n            exception_class = WebDriverException\n        if not value:\n            value = response[\"value\"]\n        if isinstance(value, str):\n            raise exception_class(value)\n        if message == \"\" and \"message\" in value:\n            message = value[\"message\"]\n    \n        screen = None  # type: ignore[assignment]\n        if \"screen\" in value:\n            screen = value[\"screen\"]\n    \n        stacktrace = None\n        st_value = value.get(\"stackTrace\") or value.get(\"stacktrace\")\n        if st_value:\n            if isinstance(st_value, str):\n                stacktrace = st_value.split(\"\\n\")\n            else:\n                stacktrace = []\n                try:\n                    for frame in st_value:\n                        line = frame.get(\"lineNumber\", \"\")\n                        file = frame.get(\"fileName\", \"<anonymous>\")\n                        if line:\n                            file = f\"{file}:{line}\"\n                        meth = frame.get(\"methodName\", \"<anonymous>\")\n                        if \"className\" in frame:\n                            meth = f\"{frame['className']}.{meth}\"\n                        msg = \"    at %s (%s)\"\n                        msg = msg % (meth, file)\n                        stacktrace.append(msg)\n                except TypeError:\n                    pass\n        if exception_class == UnexpectedAlertPresentException:\n            alert_text = None\n            if \"data\" in value:\n                alert_text = value[\"data\"].get(\"text\")\n            elif \"alert\" in value:\n                alert_text = value[\"alert\"].get(\"text\")\n            raise exception_class(message, screen, stacktrace, alert_text)  # type: ignore[call-arg]  # mypy is not smart enough here\n>       raise exception_class(message, screen, stacktrace)\nE       selenium.common.exceptions.WebDriverException: Message: Reached error page: about:neterror?e=nssFailure2&u=https%3A//www.nissanusa.com/vehicles/crossovers-suvs/kicks.html&c=UTF-8&d=The%20connection%20to%20www.nissanusa.com%20was%20interrupted%20while%20the%20page%20was%20loading.\nE       Stacktrace:\nE       RemoteError@chrome://remote/content/shared/RemoteError.sys.mjs:8:8\nE       WebDriverError@chrome://remote/content/shared/webdriver/Errors.sys.mjs:189:5\nE       UnknownError@chrome://remote/content/shared/webdriver/Errors.sys.mjs:768:5\nE       checkReadyState@chrome://remote/content/marionette/navigate.sys.mjs:58:24\nE       onNavigation@chrome://remote/content/marionette/navigate.sys.mjs:324:39\nE       emit@resource://gre/modules/EventEmitter.sys.mjs:154:20\nE       receiveMessage@chrome://remote/content/marionette/actors/MarionetteEventsParent.sys.mjs:33:25\n\n/opt/hostedtoolcache/Python/3.11.6/x64/lib/python3.11/site-packages/selenium/webdriver/remote/errorhandler.py:245: WebDriverException","flaky":false,"newFailed":false,"newBroken":false,"newPassed":false,"retriesCount":0,"retriesStatusChange":false,"beforeStages":[{"name":"get_webdriver","time":{"start":1700001273870,"stop":1700001276350,"duration":2480},"status":"passed","steps":[],"attachments":[],"parameters":[],"shouldDisplayMessage":false,"stepsCount":0,"attachmentsCount":0,"hasContent":false},{"name":"get_firefox_options","time":{"start":1700001273870,"stop":1700001273870,"duration":0},"status":"passed","steps":[],"attachments":[],"parameters":[],"shouldDisplayMessage":false,"stepsCount":0,"attachmentsCount":0,"hasContent":false},{"name":"setup","time":{"start":1700001276350,"stop":1700001334811,"duration":58461},"status":"passed","steps":[],"attachments":[],"parameters":[],"shouldDisplayMessage":false,"stepsCount":0,"attachmentsCount":0,"hasContent":false}],"afterStages":[{"name":"setup::0","time":{"start":1700001336256,"stop":1700001337123,"duration":867},"status":"passed","steps":[],"attachments":[{"uid":"b9bb2c759a3e49eb","name":"Screenshot 2023-11-14 22:35:36.289078","source":"b9bb2c759a3e49eb.png","type":"image/png","size":56370}],"parameters":[],"shouldDisplayMessage":false,"stepsCount":0,"attachmentsCount":1,"hasContent":true}],"labels":[{"name":"suite","value":"Testing Vehicles parametrize"},{"name":"tag","value":"parallel"},{"name":"tag","value":"@pytest.mark.usefixtures('setup')"},{"name":"parentSuite","value":"tests"},{"name":"subSuite","value":"TestVehicles"},{"name":"host","value":"fv-az532-324"},{"name":"thread","value":"2419-MainThread"},{"name":"framework","value":"pytest"},{"name":"language","value":"cpython3"},{"name":"package","value":"tests.test_vehicles"},{"name":"resultFormat","value":"allure2"}],"parameters":[{"name":"car_name","value":"'Kicks'"},{"name":"expected_price","value":"'$20,440'"}],"links":[],"hidden":false,"retry":false,"extra":{"severity":"normal","retries":[],"categories":[{"name":"Test defects","matchedStatuses":[],"flaky":false}],"history":{"statistic":{"failed":0,"broken":13,"skipped":0,"passed":0,"unknown":0,"total":13},"items":[{"uid":"875f41bc5a635dfc","reportUrl":"https://Uroboric.github.io/python_automation_lessons/88//#testresult/875f41bc5a635dfc","status":"broken","statusDetails":"selenium.common.exceptions.WebDriverException: Message: Reached error page: about:neterror?e=nssFailure2&u=https%3A//www.nissanusa.com/vehicles/crossovers-suvs/kicks.html&c=UTF-8&d=The%20connection%20to%20www.nissanusa.com%20was%20interrupted%20while%20the%20page%20was%20loading.\nStacktrace:\nRemoteError@chrome://remote/content/shared/RemoteError.sys.mjs:8:8\nWebDriverError@chrome://remote/content/shared/webdriver/Errors.sys.mjs:189:5\nUnknownError@chrome://remote/content/shared/webdriver/Errors.sys.mjs:768:5\ncheckReadyState@chrome://remote/content/marionette/navigate.sys.mjs:58:24\nonNavigation@chrome://remote/content/marionette/navigate.sys.mjs:324:39\nemit@resource://gre/modules/EventEmitter.sys.mjs:154:20\nreceiveMessage@chrome://remote/content/marionette/actors/MarionetteEventsParent.sys.mjs:33:25","time":{"start":1700001089264,"stop":1700001101005,"duration":11741}},{"uid":"e9394a0307625009","reportUrl":"https://Uroboric.github.io/python_automation_lessons/87//#testresult/e9394a0307625009","status":"broken","statusDetails":"selenium.common.exceptions.TimeoutException: Message: Kicks link","time":{"start":1700000853751,"stop":1700000894476,"duration":40725}},{"uid":"ac0444a75c31d1c3","reportUrl":"https://Uroboric.github.io/python_automation_lessons/86//#testresult/ac0444a75c31d1c3","status":"broken","statusDetails":"selenium.common.exceptions.WebDriverException: Message: Reached error page: about:neterror?e=nssFailure2&u=https%3A//www.nissanusa.com/vehicles/crossovers-suvs/kicks.html&c=UTF-8&d=The%20connection%20to%20www.nissanusa.com%20was%20interrupted%20while%20the%20page%20was%20loading.\nStacktrace:\nRemoteError@chrome://remote/content/shared/RemoteError.sys.mjs:8:8\nWebDriverError@chrome://remote/content/shared/webdriver/Errors.sys.mjs:189:5\nUnknownError@chrome://remote/content/shared/webdriver/Errors.sys.mjs:768:5\ncheckReadyState@chrome://remote/content/marionette/navigate.sys.mjs:58:24\nonNavigation@chrome://remote/content/marionette/navigate.sys.mjs:324:39\nemit@resource://gre/modules/EventEmitter.sys.mjs:154:20\nreceiveMessage@chrome://remote/content/marionette/actors/MarionetteEventsParent.sys.mjs:33:25","time":{"start":1699998784035,"stop":1699998797077,"duration":13042}},{"uid":"fb22e85e18f8d49e","reportUrl":"https://Uroboric.github.io/python_automation_lessons/86//#testresult/fb22e85e18f8d49e","status":"broken","statusDetails":"selenium.common.exceptions.TimeoutException: Message: Kicks link","time":{"start":1699997106245,"stop":1699997142702,"duration":36457}},{"uid":"76458ea26024f156","reportUrl":"https://Uroboric.github.io/python_automation_lessons/85//#testresult/76458ea26024f156","status":"broken","statusDetails":"selenium.common.exceptions.TimeoutException: Message: Kicks link","time":{"start":1699996265664,"stop":1699996283564,"duration":17900}},{"uid":"43171fee027d34e8","reportUrl":"https://Uroboric.github.io/python_automation_lessons/84//#testresult/43171fee027d34e8","status":"broken","statusDetails":"selenium.common.exceptions.WebDriverException: Message: Reached error page: about:neterror?e=nssFailure2&u=https%3A//www.nissanusa.com/vehicles/crossovers-suvs/kicks.html&c=UTF-8&d=The%20connection%20to%20www.nissanusa.com%20was%20interrupted%20while%20the%20page%20was%20loading.\nStacktrace:\nRemoteError@chrome://remote/content/shared/RemoteError.sys.mjs:8:8\nWebDriverError@chrome://remote/content/shared/webdriver/Errors.sys.mjs:189:5\nUnknownError@chrome://remote/content/shared/webdriver/Errors.sys.mjs:768:5\ncheckReadyState@chrome://remote/content/marionette/navigate.sys.mjs:58:24\nonNavigation@chrome://remote/content/marionette/navigate.sys.mjs:324:39\nemit@resource://gre/modules/EventEmitter.sys.mjs:154:20\nreceiveMessage@chrome://remote/content/marionette/actors/MarionetteEventsParent.sys.mjs:33:25","time":{"start":1699995562931,"stop":1699995577437,"duration":14506}},{"uid":"649ad2bfaf76d9b1","reportUrl":"https://Uroboric.github.io/python_automation_lessons/83//#testresult/649ad2bfaf76d9b1","status":"broken","statusDetails":"selenium.common.exceptions.TimeoutException: Message: Kicks link","time":{"start":1699995167252,"stop":1699995182178,"duration":14926}},{"uid":"45b0bd4cdb4dfbe9","reportUrl":"https://Uroboric.github.io/python_automation_lessons/82//#testresult/45b0bd4cdb4dfbe9","status":"broken","statusDetails":"selenium.common.exceptions.TimeoutException: Message: Vehicles button\nStacktrace:\n#0 0x55a98c0adfb3 <unknown>\n#1 0x55a98bd814a7 <unknown>\n#2 0x55a98bdc8dd6 <unknown>\n#3 0x55a98bdc8ec1 <unknown>\n#4 0x55a98be06354 <unknown>\n#5 0x55a98bdea96d <unknown>\n#6 0x55a98be03c02 <unknown>\n#7 0x55a98bdea713 <unknown>\n#8 0x55a98bdbd18b <unknown>\n#9 0x55a98bdbdf7e <unknown>\n#10 0x55a98c0738d8 <unknown>\n#11 0x55a98c077800 <unknown>\n#12 0x55a98c081cfc <unknown>\n#13 0x55a98c078418 <unknown>\n#14 0x55a98c04542f <unknown>\n#15 0x55a98c09c4e8 <unknown>\n#16 0x55a98c09c6b4 <unknown>\n#17 0x55a98c0ad143 <unknown>\n#18 0x7f3075494ac3 <unknown>","time":{"start":1699988656372,"stop":1699988666414,"duration":10042}},{"uid":"6c3b9d3dceeb47a8","reportUrl":"https://Uroboric.github.io/python_automation_lessons/81//#testresult/6c3b9d3dceeb47a8","status":"broken","statusDetails":"AttributeError: 'VehiclesNav' object has no attribute 'current_url'","time":{"start":1699988456506,"stop":1699988456506,"duration":0}},{"uid":"95ab63a18413aebe","reportUrl":"https://Uroboric.github.io/python_automation_lessons/81//#testresult/95ab63a18413aebe","status":"broken","statusDetails":"AttributeError: 'VehiclesNav' object has no attribute 'current_url'","time":{"start":1699970770784,"stop":1699970770784,"duration":0}},{"uid":"420e8a3a859e81b6","reportUrl":"https://Uroboric.github.io/python_automation_lessons/80//#testresult/420e8a3a859e81b6","status":"broken","statusDetails":"selenium.common.exceptions.SessionNotCreatedException: Message: session not created: Chrome failed to start: exited normally.\n  (session not created: DevToolsActivePort file doesn't exist)\n  (The process started from chrome location /opt/google/chrome/chrome is no longer running, so ChromeDriver is assuming that Chrome has crashed.)\nStacktrace:\n#0 0x55c891834fb3 <unknown>\n#1 0x55c8915084a7 <unknown>\n#2 0x55c89153bc93 <unknown>\n#3 0x55c89153810c <unknown>\n#4 0x55c89157aac6 <unknown>\n#5 0x55c891571713 <unknown>\n#6 0x55c89154418b <unknown>\n#7 0x55c891544f7e <unknown>\n#8 0x55c8917fa8d8 <unknown>\n#9 0x55c8917fe800 <unknown>\n#10 0x55c891808cfc <unknown>\n#11 0x55c8917ff418 <unknown>\n#12 0x55c8917cc42f <unknown>\n#13 0x55c8918234e8 <unknown>\n#14 0x55c8918236b4 <unknown>\n#15 0x55c891834143 <unknown>\n#16 0x7fd732e94ac3 <unknown>","time":{"start":1699970280223,"stop":1699970280223,"duration":0}},{"uid":"e73dd5f251d61368","reportUrl":"https://Uroboric.github.io/python_automation_lessons/79//#testresult/e73dd5f251d61368","status":"broken","statusDetails":"selenium.common.exceptions.TimeoutException: Message: Vehicles button\nStacktrace:\n#0 0x560e0de33fb3 <unknown>\n#1 0x560e0db074a7 <unknown>\n#2 0x560e0db4edd6 <unknown>\n#3 0x560e0db4eec1 <unknown>\n#4 0x560e0db8c354 <unknown>\n#5 0x560e0db7096d <unknown>\n#6 0x560e0db89c02 <unknown>\n#7 0x560e0db70713 <unknown>\n#8 0x560e0db4318b <unknown>\n#9 0x560e0db43f7e <unknown>\n#10 0x560e0ddf98d8 <unknown>\n#11 0x560e0ddfd800 <unknown>\n#12 0x560e0de07cfc <unknown>\n#13 0x560e0ddfe418 <unknown>\n#14 0x560e0ddcb42f <unknown>\n#15 0x560e0de224e8 <unknown>\n#16 0x560e0de226b4 <unknown>\n#17 0x560e0de33143 <unknown>\n#18 0x7f26c6294ac3 <unknown>","time":{"start":1699968832619,"stop":1699968839716,"duration":7097}}]},"tags":["parallel","@pytest.mark.usefixtures('setup')"]},"source":"ec082af95bb6cdb.json","parameterValues":["'Kicks'","'$20,440'"]}